Analysis & Synthesis report for project
Fri Nov 24 17:32:41 2023
Quartus Prime Version 18.1.0 Build 625 09/12/2018 SJ Lite Edition


---------------------
; Table of Contents ;
---------------------
  1. Legal Notice
  2. Analysis & Synthesis Summary
  3. Analysis & Synthesis Settings
  4. Parallel Compilation
  5. Analysis & Synthesis Source Files Read
  6. Analysis & Synthesis Resource Usage Summary
  7. Analysis & Synthesis Resource Utilization by Entity
  8. Registers Removed During Synthesis
  9. Removed Registers Triggering Further Register Optimizations
 10. General Register Statistics
 11. Port Connectivity Checks: "ram:U1_ram"
 12. Port Connectivity Checks: "BUS:U0_BUS|mux3_64bit:U3_mux_m_din"
 13. Port Connectivity Checks: "BUS:U0_BUS|mux2_64bit:U3_mux_din"
 14. Port Connectivity Checks: "BUS:U0_BUS|mux2_16bit:U2_mux_addr"
 15. Port Connectivity Checks: "BUS:U0_BUS|mux2:U1_mux_wr"
 16. Post-Synthesis Netlist Statistics for Top Partition
 17. Elapsed Time Per Partition
 18. Analysis & Synthesis Messages



----------------
; Legal Notice ;
----------------
Copyright (C) 2018  Intel Corporation. All rights reserved.
Your use of Intel Corporation's design tools, logic functions 
and other software and tools, and its AMPP partner logic 
functions, and any output files from any of the foregoing 
(including device programming or simulation files), and any 
associated documentation or information are expressly subject 
to the terms and conditions of the Intel Program License 
Subscription Agreement, the Intel Quartus Prime License Agreement,
the Intel FPGA IP License Agreement, or other applicable license
agreement, including, without limitation, that your use is for
the sole purpose of programming logic devices manufactured by
Intel and sold by Intel or its authorized distributors.  Please
refer to the applicable agreement for further details.



+-------------------------------------------------------------------------------+
; Analysis & Synthesis Summary                                                  ;
+---------------------------------+---------------------------------------------+
; Analysis & Synthesis Status     ; Successful - Fri Nov 24 17:32:41 2023       ;
; Quartus Prime Version           ; 18.1.0 Build 625 09/12/2018 SJ Lite Edition ;
; Revision Name                   ; project                                     ;
; Top-level Entity Name           ; Top                                         ;
; Family                          ; Cyclone V                                   ;
; Logic utilization (in ALMs)     ; N/A                                         ;
; Total registers                 ; 1                                           ;
; Total pins                      ; 150                                         ;
; Total virtual pins              ; 0                                           ;
; Total block memory bits         ; 0                                           ;
; Total DSP Blocks                ; 0                                           ;
; Total HSSI RX PCSs              ; 0                                           ;
; Total HSSI PMA RX Deserializers ; 0                                           ;
; Total HSSI TX PCSs              ; 0                                           ;
; Total HSSI PMA TX Serializers   ; 0                                           ;
; Total PLLs                      ; 0                                           ;
; Total DLLs                      ; 0                                           ;
+---------------------------------+---------------------------------------------+


+---------------------------------------------------------------------------------------------------------------------------+
; Analysis & Synthesis Settings                                                                                             ;
+---------------------------------------------------------------------------------+--------------------+--------------------+
; Option                                                                          ; Setting            ; Default Value      ;
+---------------------------------------------------------------------------------+--------------------+--------------------+
; Device                                                                          ; 5CSXFC6D6F31C6     ;                    ;
; Top-level entity name                                                           ; Top                ; project            ;
; Family name                                                                     ; Cyclone V          ; Cyclone V          ;
; Use smart compilation                                                           ; Off                ; Off                ;
; Enable parallel Assembler and Timing Analyzer during compilation                ; On                 ; On                 ;
; Enable compact report table                                                     ; Off                ; Off                ;
; Restructure Multiplexers                                                        ; Auto               ; Auto               ;
; MLAB Add Timing Constraints For Mixed-Port Feed-Through Mode Setting Don't Care ; Off                ; Off                ;
; Create Debugging Nodes for IP Cores                                             ; Off                ; Off                ;
; Preserve fewer node names                                                       ; On                 ; On                 ;
; Intel FPGA IP Evaluation Mode                                                   ; Enable             ; Enable             ;
; Verilog Version                                                                 ; Verilog_2001       ; Verilog_2001       ;
; VHDL Version                                                                    ; VHDL_1993          ; VHDL_1993          ;
; State Machine Processing                                                        ; Auto               ; Auto               ;
; Safe State Machine                                                              ; Off                ; Off                ;
; Extract Verilog State Machines                                                  ; On                 ; On                 ;
; Extract VHDL State Machines                                                     ; On                 ; On                 ;
; Ignore Verilog initial constructs                                               ; Off                ; Off                ;
; Iteration limit for constant Verilog loops                                      ; 5000               ; 5000               ;
; Iteration limit for non-constant Verilog loops                                  ; 250                ; 250                ;
; Add Pass-Through Logic to Inferred RAMs                                         ; On                 ; On                 ;
; Infer RAMs from Raw Logic                                                       ; On                 ; On                 ;
; Parallel Synthesis                                                              ; On                 ; On                 ;
; DSP Block Balancing                                                             ; Auto               ; Auto               ;
; NOT Gate Push-Back                                                              ; On                 ; On                 ;
; Power-Up Don't Care                                                             ; On                 ; On                 ;
; Remove Redundant Logic Cells                                                    ; Off                ; Off                ;
; Remove Duplicate Registers                                                      ; On                 ; On                 ;
; Ignore CARRY Buffers                                                            ; Off                ; Off                ;
; Ignore CASCADE Buffers                                                          ; Off                ; Off                ;
; Ignore GLOBAL Buffers                                                           ; Off                ; Off                ;
; Ignore ROW GLOBAL Buffers                                                       ; Off                ; Off                ;
; Ignore LCELL Buffers                                                            ; Off                ; Off                ;
; Ignore SOFT Buffers                                                             ; On                 ; On                 ;
; Limit AHDL Integers to 32 Bits                                                  ; Off                ; Off                ;
; Optimization Technique                                                          ; Balanced           ; Balanced           ;
; Carry Chain Length                                                              ; 70                 ; 70                 ;
; Auto Carry Chains                                                               ; On                 ; On                 ;
; Auto Open-Drain Pins                                                            ; On                 ; On                 ;
; Perform WYSIWYG Primitive Resynthesis                                           ; Off                ; Off                ;
; Auto ROM Replacement                                                            ; On                 ; On                 ;
; Auto RAM Replacement                                                            ; On                 ; On                 ;
; Auto DSP Block Replacement                                                      ; On                 ; On                 ;
; Auto Shift Register Replacement                                                 ; Auto               ; Auto               ;
; Allow Shift Register Merging across Hierarchies                                 ; Auto               ; Auto               ;
; Auto Clock Enable Replacement                                                   ; On                 ; On                 ;
; Strict RAM Replacement                                                          ; Off                ; Off                ;
; Allow Synchronous Control Signals                                               ; On                 ; On                 ;
; Force Use of Synchronous Clear Signals                                          ; Off                ; Off                ;
; Auto Resource Sharing                                                           ; Off                ; Off                ;
; Allow Any RAM Size For Recognition                                              ; Off                ; Off                ;
; Allow Any ROM Size For Recognition                                              ; Off                ; Off                ;
; Allow Any Shift Register Size For Recognition                                   ; Off                ; Off                ;
; Use LogicLock Constraints during Resource Balancing                             ; On                 ; On                 ;
; Ignore translate_off and synthesis_off directives                               ; Off                ; Off                ;
; Timing-Driven Synthesis                                                         ; On                 ; On                 ;
; Report Parameter Settings                                                       ; On                 ; On                 ;
; Report Source Assignments                                                       ; On                 ; On                 ;
; Report Connectivity Checks                                                      ; On                 ; On                 ;
; Ignore Maximum Fan-Out Assignments                                              ; Off                ; Off                ;
; Synchronization Register Chain Length                                           ; 3                  ; 3                  ;
; Power Optimization During Synthesis                                             ; Normal compilation ; Normal compilation ;
; HDL message level                                                               ; Level2             ; Level2             ;
; Suppress Register Optimization Related Messages                                 ; Off                ; Off                ;
; Number of Removed Registers Reported in Synthesis Report                        ; 5000               ; 5000               ;
; Number of Swept Nodes Reported in Synthesis Report                              ; 5000               ; 5000               ;
; Number of Inverted Registers Reported in Synthesis Report                       ; 100                ; 100                ;
; Clock MUX Protection                                                            ; On                 ; On                 ;
; Auto Gated Clock Conversion                                                     ; Off                ; Off                ;
; Block Design Naming                                                             ; Auto               ; Auto               ;
; SDC constraint protection                                                       ; Off                ; Off                ;
; Synthesis Effort                                                                ; Auto               ; Auto               ;
; Shift Register Replacement - Allow Asynchronous Clear Signal                    ; On                 ; On                 ;
; Pre-Mapping Resynthesis Optimization                                            ; Off                ; Off                ;
; Analysis & Synthesis Message Level                                              ; Medium             ; Medium             ;
; Disable Register Merging Across Hierarchies                                     ; Auto               ; Auto               ;
; Resource Aware Inference For Block RAM                                          ; On                 ; On                 ;
; Automatic Parallel Synthesis                                                    ; On                 ; On                 ;
; Partial Reconfiguration Bitstream ID                                            ; Off                ; Off                ;
+---------------------------------------------------------------------------------+--------------------+--------------------+


+------------------------------------------+
; Parallel Compilation                     ;
+----------------------------+-------------+
; Processors                 ; Number      ;
+----------------------------+-------------+
; Number detected on machine ; 8           ;
; Maximum allowed            ; 4           ;
;                            ;             ;
; Average used               ; 1.00        ;
; Maximum used               ; 1           ;
;                            ;             ;
; Usage by Processor         ; % Time Used ;
;     Processor 1            ; 100.0%      ;
+----------------------------+-------------+


+-------------------------------------------------------------------------------------------------------------------------------------------------------------------------+
; Analysis & Synthesis Source Files Read                                                                                                                                  ;
+----------------------------------+-----------------+------------------------+---------------------------------------------------------------------------------+---------+
; File Name with User-Entered Path ; Used in Netlist ; File Type              ; File Name with Absolute Path                                                    ; Library ;
+----------------------------------+-----------------+------------------------+---------------------------------------------------------------------------------+---------+
; _dff_r_2.v                       ; yes             ; User Verilog HDL File  ; C:/Users/david/Desktop/code/2022202092_Digital-Logic-Gate2/project/_dff_r_2.v   ;         ;
; mux3_64bit.v                     ; yes             ; User Verilog HDL File  ; C:/Users/david/Desktop/code/2022202092_Digital-Logic-Gate2/project/mux3_64bit.v ;         ;
; mux2_64bit.v                     ; yes             ; User Verilog HDL File  ; C:/Users/david/Desktop/code/2022202092_Digital-Logic-Gate2/project/mux2_64bit.v ;         ;
; mux2_16bit.v                     ; yes             ; User Verilog HDL File  ; C:/Users/david/Desktop/code/2022202092_Digital-Logic-Gate2/project/mux2_16bit.v ;         ;
; mux2.v                           ; yes             ; User Verilog HDL File  ; C:/Users/david/Desktop/code/2022202092_Digital-Logic-Gate2/project/mux2.v       ;         ;
; BUS.v                            ; yes             ; User Verilog HDL File  ; C:/Users/david/Desktop/code/2022202092_Digital-Logic-Gate2/project/BUS.v        ;         ;
; bus_arbit.v                      ; yes             ; User Verilog HDL File  ; C:/Users/david/Desktop/code/2022202092_Digital-Logic-Gate2/project/bus_arbit.v  ;         ;
; Top.v                            ; yes             ; User Verilog HDL File  ; C:/Users/david/Desktop/code/2022202092_Digital-Logic-Gate2/project/Top.v        ;         ;
; bus_addr.v                       ; yes             ; User Verilog HDL File  ; C:/Users/david/Desktop/code/2022202092_Digital-Logic-Gate2/project/bus_addr.v   ;         ;
; ram.v                            ; yes             ; User Verilog HDL File  ; C:/Users/david/Desktop/code/2022202092_Digital-Logic-Gate2/project/ram.v        ;         ;
; FactoCore.v                      ; yes             ; User Verilog HDL File  ; C:/Users/david/Desktop/code/2022202092_Digital-Logic-Gate2/project/FactoCore.v  ;         ;
+----------------------------------+-----------------+------------------------+---------------------------------------------------------------------------------+---------+


+---------------------------------------------------------------------------------------+
; Analysis & Synthesis Resource Usage Summary                                           ;
+---------------------------------------------+-----------------------------------------+
; Resource                                    ; Usage                                   ;
+---------------------------------------------+-----------------------------------------+
; Estimate of Logic utilization (ALMs needed) ; 1                                       ;
;                                             ;                                         ;
; Combinational ALUT usage for logic          ; 0                                       ;
;     -- 7 input functions                    ; 0                                       ;
;     -- 6 input functions                    ; 0                                       ;
;     -- 5 input functions                    ; 0                                       ;
;     -- 4 input functions                    ; 0                                       ;
;     -- <=3 input functions                  ; 0                                       ;
;                                             ;                                         ;
; Dedicated logic registers                   ; 1                                       ;
;                                             ;                                         ;
; I/O pins                                    ; 150                                     ;
;                                             ;                                         ;
; Total DSP Blocks                            ; 0                                       ;
;                                             ;                                         ;
; Maximum fan-out node                        ; BUS:U0_BUS|bus_arbit:U0_arbiter|m_grant ;
; Maximum fan-out                             ; 1                                       ;
; Total fan-out                               ; 154                                     ;
; Average fan-out                             ; 0.51                                    ;
+---------------------------------------------+-----------------------------------------+


+-----------------------------------------------------------------------------------------------------------------------------------------------------------------------------------------------------------+
; Analysis & Synthesis Resource Utilization by Entity                                                                                                                                                       ;
+------------------------------+---------------------+---------------------------+-------------------+------------+------+--------------+--------------------------------------+-------------+--------------+
; Compilation Hierarchy Node   ; Combinational ALUTs ; Dedicated Logic Registers ; Block Memory Bits ; DSP Blocks ; Pins ; Virtual Pins ; Full Hierarchy Name                  ; Entity Name ; Library Name ;
+------------------------------+---------------------+---------------------------+-------------------+------------+------+--------------+--------------------------------------+-------------+--------------+
; |Top                         ; 0 (0)               ; 1 (0)                     ; 0                 ; 0          ; 150  ; 0            ; |Top                                 ; Top         ; work         ;
;    |BUS:U0_BUS|              ; 0 (0)               ; 1 (0)                     ; 0                 ; 0          ; 0    ; 0            ; |Top|BUS:U0_BUS                      ; BUS         ; work         ;
;       |bus_arbit:U0_arbiter| ; 0 (0)               ; 1 (1)                     ; 0                 ; 0          ; 0    ; 0            ; |Top|BUS:U0_BUS|bus_arbit:U0_arbiter ; bus_arbit   ; work         ;
+------------------------------+---------------------+---------------------------+-------------------+------------+------+--------------+--------------------------------------+-------------+--------------+
Note: For table entries with two numbers listed, the numbers in parentheses indicate the number of resources of the given type used by the specific entity alone. The numbers listed outside of parentheses indicate the total resources of the given type used by the specific entity and all of its sub-entities in the hierarchy.


+---------------------------------------------------------------------------------+
; Registers Removed During Synthesis                                              ;
+----------------------------------------+----------------------------------------+
; Register name                          ; Reason for Removal                     ;
+----------------------------------------+----------------------------------------+
; BUS:U0_BUS|_dff_r_2:U2_dff2|q[0]       ; Stuck at GND due to stuck port data_in ;
; BUS:U0_BUS|_dff_r_2:U2_dff2|q[1]       ; Lost fanout                            ;
; ram:U1_ram|s_dout[0..31]               ; Lost fanout                            ;
; Total Number of Removed Registers = 34 ;                                        ;
+----------------------------------------+----------------------------------------+


+--------------------------------------------------------------------------------------------------------------------------------------------------------+
; Removed Registers Triggering Further Register Optimizations                                                                                            ;
+----------------------------------+---------------------------+-----------------------------------------------------------------------------------------+
; Register name                    ; Reason for Removal        ; Registers Removed due to This Register                                                  ;
+----------------------------------+---------------------------+-----------------------------------------------------------------------------------------+
; BUS:U0_BUS|_dff_r_2:U2_dff2|q[0] ; Stuck at GND              ; BUS:U0_BUS|_dff_r_2:U2_dff2|q[1], ram:U1_ram|s_dout[8], ram:U1_ram|s_dout[7],           ;
;                                  ; due to stuck port data_in ; ram:U1_ram|s_dout[6], ram:U1_ram|s_dout[5], ram:U1_ram|s_dout[4], ram:U1_ram|s_dout[3], ;
;                                  ;                           ; ram:U1_ram|s_dout[2], ram:U1_ram|s_dout[1], ram:U1_ram|s_dout[0], ram:U1_ram|s_dout[9], ;
;                                  ;                           ; ram:U1_ram|s_dout[10], ram:U1_ram|s_dout[11], ram:U1_ram|s_dout[12],                    ;
;                                  ;                           ; ram:U1_ram|s_dout[13], ram:U1_ram|s_dout[14], ram:U1_ram|s_dout[15],                    ;
;                                  ;                           ; ram:U1_ram|s_dout[16], ram:U1_ram|s_dout[17], ram:U1_ram|s_dout[18],                    ;
;                                  ;                           ; ram:U1_ram|s_dout[19], ram:U1_ram|s_dout[20], ram:U1_ram|s_dout[21],                    ;
;                                  ;                           ; ram:U1_ram|s_dout[22], ram:U1_ram|s_dout[23], ram:U1_ram|s_dout[24],                    ;
;                                  ;                           ; ram:U1_ram|s_dout[25], ram:U1_ram|s_dout[26], ram:U1_ram|s_dout[27],                    ;
;                                  ;                           ; ram:U1_ram|s_dout[28], ram:U1_ram|s_dout[29], ram:U1_ram|s_dout[30],                    ;
;                                  ;                           ; ram:U1_ram|s_dout[31]                                                                   ;
+----------------------------------+---------------------------+-----------------------------------------------------------------------------------------+


+------------------------------------------------------+
; General Register Statistics                          ;
+----------------------------------------------+-------+
; Statistic                                    ; Value ;
+----------------------------------------------+-------+
; Total registers                              ; 1     ;
; Number of registers using Synchronous Clear  ; 0     ;
; Number of registers using Synchronous Load   ; 0     ;
; Number of registers using Asynchronous Clear ; 1     ;
; Number of registers using Asynchronous Load  ; 0     ;
; Number of registers using Clock Enable       ; 0     ;
; Number of registers using Preset             ; 0     ;
+----------------------------------------------+-------+


+---------------------------------------------------------------------------------------------------------------------------------------------------------------------------------------------------------------+
; Port Connectivity Checks: "ram:U1_ram"                                                                                                                                                                        ;
+--------+-------+----------+-----------------------------------------------------------------------------------------------------------------------------------------------------------------------------------+
; Port   ; Type  ; Severity ; Details                                                                                                                                                                           ;
+--------+-------+----------+-----------------------------------------------------------------------------------------------------------------------------------------------------------------------------------+
; s_addr ; Input ; Warning  ; Input port expression (16 bits) is wider than the input port (8 bits) it drives.  The 8 most-significant bit(s) in the expression will be dangling if they have no other fanouts. ;
+--------+-------+----------+-----------------------------------------------------------------------------------------------------------------------------------------------------------------------------------+


+---------------------------------------------------------------------------------------------------------------------------------------------------------------------------------------------------------------------+
; Port Connectivity Checks: "BUS:U0_BUS|mux3_64bit:U3_mux_m_din"                                                                                                                                                      ;
+-----------+--------+----------+-------------------------------------------------------------------------------------------------------------------------------------------------------------------------------------+
; Port      ; Type   ; Severity ; Details                                                                                                                                                                             ;
+-----------+--------+----------+-------------------------------------------------------------------------------------------------------------------------------------------------------------------------------------+
; d0        ; Input  ; Warning  ; Input port expression (64 bits) is wider than the input port (32 bits) it drives.  The 32 most-significant bit(s) in the expression will be dangling if they have no other fanouts. ;
; d0[31..0] ; Input  ; Info     ; Stuck at GND                                                                                                                                                                        ;
; d1        ; Input  ; Warning  ; Input port expression (64 bits) is wider than the input port (32 bits) it drives.  The 32 most-significant bit(s) in the expression will be dangling if they have no other fanouts. ;
; d2        ; Input  ; Warning  ; Input port expression (64 bits) is wider than the input port (32 bits) it drives.  The 32 most-significant bit(s) in the expression will be dangling if they have no other fanouts. ;
; y         ; Output ; Warning  ; Output or bidir port (32 bits) is smaller than the port expression (64 bits) it drives.  The 32 most-significant bit(s) in the port expression will be connected to GND.            ;
+-----------+--------+----------+-------------------------------------------------------------------------------------------------------------------------------------------------------------------------------------+


+--------------------------------------------------------------------------------------------------------------------------------------------------------------------------+
; Port Connectivity Checks: "BUS:U0_BUS|mux2_64bit:U3_mux_din"                                                                                                             ;
+------+-------+----------+------------------------------------------------------------------------------------------------------------------------------------------------+
; Port ; Type  ; Severity ; Details                                                                                                                                        ;
+------+-------+----------+------------------------------------------------------------------------------------------------------------------------------------------------+
; d0   ; Input ; Warning  ; Input port expression (32 bits) is smaller than the input port (64 bits) it drives.  Extra input bit(s) "d0[63..32]" will be connected to GND. ;
; d0   ; Input ; Info     ; Stuck at GND                                                                                                                                   ;
+------+-------+----------+------------------------------------------------------------------------------------------------------------------------------------------------+


+--------------------------------------------------------------------------------------------------------------------------------------------------------------------------------------------------------------------+
; Port Connectivity Checks: "BUS:U0_BUS|mux2_16bit:U2_mux_addr"                                                                                                                                                      ;
+-----------+-------+----------+-------------------------------------------------------------------------------------------------------------------------------------------------------------------------------------+
; Port      ; Type  ; Severity ; Details                                                                                                                                                                             ;
+-----------+-------+----------+-------------------------------------------------------------------------------------------------------------------------------------------------------------------------------------+
; d0        ; Input ; Warning  ; Input port expression (32 bits) is wider than the input port (16 bits) it drives.  The 16 most-significant bit(s) in the expression will be dangling if they have no other fanouts. ;
; d0[15..0] ; Input ; Info     ; Stuck at GND                                                                                                                                                                        ;
+-----------+-------+----------+-------------------------------------------------------------------------------------------------------------------------------------------------------------------------------------+


+----------------------------------------------------------------------------------------------------------------------------------------------------------------------------------------------------------------+
; Port Connectivity Checks: "BUS:U0_BUS|mux2:U1_mux_wr"                                                                                                                                                          ;
+--------+-------+----------+------------------------------------------------------------------------------------------------------------------------------------------------------------------------------------+
; Port   ; Type  ; Severity ; Details                                                                                                                                                                            ;
+--------+-------+----------+------------------------------------------------------------------------------------------------------------------------------------------------------------------------------------+
; d0     ; Input ; Warning  ; Input port expression (32 bits) is wider than the input port (1 bits) it drives.  The 31 most-significant bit(s) in the expression will be dangling if they have no other fanouts. ;
; d0[-1] ; Input ; Info     ; Stuck at GND                                                                                                                                                                       ;
+--------+-------+----------+------------------------------------------------------------------------------------------------------------------------------------------------------------------------------------+


+-----------------------------------------------------+
; Post-Synthesis Netlist Statistics for Top Partition ;
+-----------------------+-----------------------------+
; Type                  ; Count                       ;
+-----------------------+-----------------------------+
; arriav_ff             ; 1                           ;
;     CLR               ; 1                           ;
; arriav_lcell_comb     ; 1                           ;
;     normal            ; 1                           ;
;         0 data inputs ; 1                           ;
; boundary_port         ; 150                         ;
;                       ;                             ;
; Max LUT depth         ; 0.00                        ;
; Average LUT depth     ; 0.00                        ;
+-----------------------+-----------------------------+


+-------------------------------+
; Elapsed Time Per Partition    ;
+----------------+--------------+
; Partition Name ; Elapsed Time ;
+----------------+--------------+
; Top            ; 00:00:00     ;
+----------------+--------------+


+-------------------------------+
; Analysis & Synthesis Messages ;
+-------------------------------+
Info: *******************************************************************
Info: Running Quartus Prime Analysis & Synthesis
    Info: Version 18.1.0 Build 625 09/12/2018 SJ Lite Edition
    Info: Processing started: Fri Nov 24 17:32:28 2023
Info: Command: quartus_map --read_settings_files=on --write_settings_files=off project -c project
Warning (18236): Number of processors has not been specified which may cause overloading on shared machines.  Set the global assignment NUM_PARALLEL_PROCESSORS in your QSF to an appropriate value for best performance.
Info (20030): Parallel compilation is enabled and will use 4 of the 4 processors detected
Info (12021): Found 1 design units, including 1 entities, in source file _dff_r_2.v
    Info (12023): Found entity 1: _dff_r_2 File: C:/Users/david/Desktop/code/2022202092_Digital-Logic-Gate2/project/_dff_r_2.v Line: 1
Info (12021): Found 1 design units, including 1 entities, in source file mux3_64bit.v
    Info (12023): Found entity 1: mux3_64bit File: C:/Users/david/Desktop/code/2022202092_Digital-Logic-Gate2/project/mux3_64bit.v Line: 1
Info (12021): Found 1 design units, including 1 entities, in source file mux2_64bit.v
    Info (12023): Found entity 1: mux2_64bit File: C:/Users/david/Desktop/code/2022202092_Digital-Logic-Gate2/project/mux2_64bit.v Line: 1
Info (12021): Found 1 design units, including 1 entities, in source file mux2_16bit.v
    Info (12023): Found entity 1: mux2_16bit File: C:/Users/david/Desktop/code/2022202092_Digital-Logic-Gate2/project/mux2_16bit.v Line: 1
Info (12021): Found 1 design units, including 1 entities, in source file mux2.v
    Info (12023): Found entity 1: mux2 File: C:/Users/david/Desktop/code/2022202092_Digital-Logic-Gate2/project/mux2.v Line: 1
Info (12021): Found 1 design units, including 1 entities, in source file bus.v
    Info (12023): Found entity 1: BUS File: C:/Users/david/Desktop/code/2022202092_Digital-Logic-Gate2/project/BUS.v Line: 1
Info (12021): Found 1 design units, including 1 entities, in source file bus_arbit.v
    Info (12023): Found entity 1: bus_arbit File: C:/Users/david/Desktop/code/2022202092_Digital-Logic-Gate2/project/bus_arbit.v Line: 1
Info (12021): Found 1 design units, including 1 entities, in source file top.v
    Info (12023): Found entity 1: Top File: C:/Users/david/Desktop/code/2022202092_Digital-Logic-Gate2/project/Top.v Line: 1
Warning (10229): Verilog HDL Expression warning at bus_addr.v(6): truncated literal to match 4 bits File: C:/Users/david/Desktop/code/2022202092_Digital-Logic-Gate2/project/bus_addr.v Line: 6
Warning (10229): Verilog HDL Expression warning at bus_addr.v(8): truncated literal to match 4 bits File: C:/Users/david/Desktop/code/2022202092_Digital-Logic-Gate2/project/bus_addr.v Line: 8
Info (12021): Found 1 design units, including 1 entities, in source file bus_addr.v
    Info (12023): Found entity 1: bus_addr File: C:/Users/david/Desktop/code/2022202092_Digital-Logic-Gate2/project/bus_addr.v Line: 1
Info (12021): Found 1 design units, including 1 entities, in source file ram.v
    Info (12023): Found entity 1: ram File: C:/Users/david/Desktop/code/2022202092_Digital-Logic-Gate2/project/ram.v Line: 1
Info (12021): Found 1 design units, including 1 entities, in source file factocore.v
    Info (12023): Found entity 1: FactoCore File: C:/Users/david/Desktop/code/2022202092_Digital-Logic-Gate2/project/FactoCore.v Line: 1
Info (12127): Elaborating entity "Top" for the top level hierarchy
Info (12128): Elaborating entity "BUS" for hierarchy "BUS:U0_BUS" File: C:/Users/david/Desktop/code/2022202092_Digital-Logic-Gate2/project/Top.v Line: 14
Info (12128): Elaborating entity "bus_arbit" for hierarchy "BUS:U0_BUS|bus_arbit:U0_arbiter" File: C:/Users/david/Desktop/code/2022202092_Digital-Logic-Gate2/project/BUS.v Line: 14
Info (12128): Elaborating entity "mux2" for hierarchy "BUS:U0_BUS|mux2:U1_mux_wr" File: C:/Users/david/Desktop/code/2022202092_Digital-Logic-Gate2/project/BUS.v Line: 16
Info (12128): Elaborating entity "mux2_16bit" for hierarchy "BUS:U0_BUS|mux2_16bit:U2_mux_addr" File: C:/Users/david/Desktop/code/2022202092_Digital-Logic-Gate2/project/BUS.v Line: 17
Info (12128): Elaborating entity "mux2_64bit" for hierarchy "BUS:U0_BUS|mux2_64bit:U3_mux_din" File: C:/Users/david/Desktop/code/2022202092_Digital-Logic-Gate2/project/BUS.v Line: 18
Info (12128): Elaborating entity "bus_addr" for hierarchy "BUS:U0_BUS|bus_addr:U1_addr" File: C:/Users/david/Desktop/code/2022202092_Digital-Logic-Gate2/project/BUS.v Line: 21
Info (12128): Elaborating entity "_dff_r_2" for hierarchy "BUS:U0_BUS|_dff_r_2:U2_dff2" File: C:/Users/david/Desktop/code/2022202092_Digital-Logic-Gate2/project/BUS.v Line: 23
Info (12128): Elaborating entity "mux3_64bit" for hierarchy "BUS:U0_BUS|mux3_64bit:U3_mux_m_din" File: C:/Users/david/Desktop/code/2022202092_Digital-Logic-Gate2/project/BUS.v Line: 24
Info (12128): Elaborating entity "ram" for hierarchy "ram:U1_ram" File: C:/Users/david/Desktop/code/2022202092_Digital-Logic-Gate2/project/Top.v Line: 16
Info (12128): Elaborating entity "FactoCore" for hierarchy "FactoCore:U2_FactoCore" File: C:/Users/david/Desktop/code/2022202092_Digital-Logic-Gate2/project/Top.v Line: 18
Warning (10034): Output port "s_dout" at FactoCore.v(5) has no driver File: C:/Users/david/Desktop/code/2022202092_Digital-Logic-Gate2/project/FactoCore.v Line: 5
Warning (10034): Output port "interrupt" at FactoCore.v(6) has no driver File: C:/Users/david/Desktop/code/2022202092_Digital-Logic-Gate2/project/FactoCore.v Line: 6
Warning (12158): Entity "FactoCore" contains only dangling pins File: C:/Users/david/Desktop/code/2022202092_Digital-Logic-Gate2/project/Top.v Line: 18
Warning (12241): 5 hierarchies have connectivity warnings - see the Connectivity Checks report folder
Warning (13024): Output pins are stuck at VCC or GND
    Warning (13410): Pin "m_din[0]" is stuck at GND File: C:/Users/david/Desktop/code/2022202092_Digital-Logic-Gate2/project/Top.v Line: 6
    Warning (13410): Pin "m_din[1]" is stuck at GND File: C:/Users/david/Desktop/code/2022202092_Digital-Logic-Gate2/project/Top.v Line: 6
    Warning (13410): Pin "m_din[2]" is stuck at GND File: C:/Users/david/Desktop/code/2022202092_Digital-Logic-Gate2/project/Top.v Line: 6
    Warning (13410): Pin "m_din[3]" is stuck at GND File: C:/Users/david/Desktop/code/2022202092_Digital-Logic-Gate2/project/Top.v Line: 6
    Warning (13410): Pin "m_din[4]" is stuck at GND File: C:/Users/david/Desktop/code/2022202092_Digital-Logic-Gate2/project/Top.v Line: 6
    Warning (13410): Pin "m_din[5]" is stuck at GND File: C:/Users/david/Desktop/code/2022202092_Digital-Logic-Gate2/project/Top.v Line: 6
    Warning (13410): Pin "m_din[6]" is stuck at GND File: C:/Users/david/Desktop/code/2022202092_Digital-Logic-Gate2/project/Top.v Line: 6
    Warning (13410): Pin "m_din[7]" is stuck at GND File: C:/Users/david/Desktop/code/2022202092_Digital-Logic-Gate2/project/Top.v Line: 6
    Warning (13410): Pin "m_din[8]" is stuck at GND File: C:/Users/david/Desktop/code/2022202092_Digital-Logic-Gate2/project/Top.v Line: 6
    Warning (13410): Pin "m_din[9]" is stuck at GND File: C:/Users/david/Desktop/code/2022202092_Digital-Logic-Gate2/project/Top.v Line: 6
    Warning (13410): Pin "m_din[10]" is stuck at GND File: C:/Users/david/Desktop/code/2022202092_Digital-Logic-Gate2/project/Top.v Line: 6
    Warning (13410): Pin "m_din[11]" is stuck at GND File: C:/Users/david/Desktop/code/2022202092_Digital-Logic-Gate2/project/Top.v Line: 6
    Warning (13410): Pin "m_din[12]" is stuck at GND File: C:/Users/david/Desktop/code/2022202092_Digital-Logic-Gate2/project/Top.v Line: 6
    Warning (13410): Pin "m_din[13]" is stuck at GND File: C:/Users/david/Desktop/code/2022202092_Digital-Logic-Gate2/project/Top.v Line: 6
    Warning (13410): Pin "m_din[14]" is stuck at GND File: C:/Users/david/Desktop/code/2022202092_Digital-Logic-Gate2/project/Top.v Line: 6
    Warning (13410): Pin "m_din[15]" is stuck at GND File: C:/Users/david/Desktop/code/2022202092_Digital-Logic-Gate2/project/Top.v Line: 6
    Warning (13410): Pin "m_din[16]" is stuck at GND File: C:/Users/david/Desktop/code/2022202092_Digital-Logic-Gate2/project/Top.v Line: 6
    Warning (13410): Pin "m_din[17]" is stuck at GND File: C:/Users/david/Desktop/code/2022202092_Digital-Logic-Gate2/project/Top.v Line: 6
    Warning (13410): Pin "m_din[18]" is stuck at GND File: C:/Users/david/Desktop/code/2022202092_Digital-Logic-Gate2/project/Top.v Line: 6
    Warning (13410): Pin "m_din[19]" is stuck at GND File: C:/Users/david/Desktop/code/2022202092_Digital-Logic-Gate2/project/Top.v Line: 6
    Warning (13410): Pin "m_din[20]" is stuck at GND File: C:/Users/david/Desktop/code/2022202092_Digital-Logic-Gate2/project/Top.v Line: 6
    Warning (13410): Pin "m_din[21]" is stuck at GND File: C:/Users/david/Desktop/code/2022202092_Digital-Logic-Gate2/project/Top.v Line: 6
    Warning (13410): Pin "m_din[22]" is stuck at GND File: C:/Users/david/Desktop/code/2022202092_Digital-Logic-Gate2/project/Top.v Line: 6
    Warning (13410): Pin "m_din[23]" is stuck at GND File: C:/Users/david/Desktop/code/2022202092_Digital-Logic-Gate2/project/Top.v Line: 6
    Warning (13410): Pin "m_din[24]" is stuck at GND File: C:/Users/david/Desktop/code/2022202092_Digital-Logic-Gate2/project/Top.v Line: 6
    Warning (13410): Pin "m_din[25]" is stuck at GND File: C:/Users/david/Desktop/code/2022202092_Digital-Logic-Gate2/project/Top.v Line: 6
    Warning (13410): Pin "m_din[26]" is stuck at GND File: C:/Users/david/Desktop/code/2022202092_Digital-Logic-Gate2/project/Top.v Line: 6
    Warning (13410): Pin "m_din[27]" is stuck at GND File: C:/Users/david/Desktop/code/2022202092_Digital-Logic-Gate2/project/Top.v Line: 6
    Warning (13410): Pin "m_din[28]" is stuck at GND File: C:/Users/david/Desktop/code/2022202092_Digital-Logic-Gate2/project/Top.v Line: 6
    Warning (13410): Pin "m_din[29]" is stuck at GND File: C:/Users/david/Desktop/code/2022202092_Digital-Logic-Gate2/project/Top.v Line: 6
    Warning (13410): Pin "m_din[30]" is stuck at GND File: C:/Users/david/Desktop/code/2022202092_Digital-Logic-Gate2/project/Top.v Line: 6
    Warning (13410): Pin "m_din[31]" is stuck at GND File: C:/Users/david/Desktop/code/2022202092_Digital-Logic-Gate2/project/Top.v Line: 6
    Warning (13410): Pin "m_din[32]" is stuck at GND File: C:/Users/david/Desktop/code/2022202092_Digital-Logic-Gate2/project/Top.v Line: 6
    Warning (13410): Pin "m_din[33]" is stuck at GND File: C:/Users/david/Desktop/code/2022202092_Digital-Logic-Gate2/project/Top.v Line: 6
    Warning (13410): Pin "m_din[34]" is stuck at GND File: C:/Users/david/Desktop/code/2022202092_Digital-Logic-Gate2/project/Top.v Line: 6
    Warning (13410): Pin "m_din[35]" is stuck at GND File: C:/Users/david/Desktop/code/2022202092_Digital-Logic-Gate2/project/Top.v Line: 6
    Warning (13410): Pin "m_din[36]" is stuck at GND File: C:/Users/david/Desktop/code/2022202092_Digital-Logic-Gate2/project/Top.v Line: 6
    Warning (13410): Pin "m_din[37]" is stuck at GND File: C:/Users/david/Desktop/code/2022202092_Digital-Logic-Gate2/project/Top.v Line: 6
    Warning (13410): Pin "m_din[38]" is stuck at GND File: C:/Users/david/Desktop/code/2022202092_Digital-Logic-Gate2/project/Top.v Line: 6
    Warning (13410): Pin "m_din[39]" is stuck at GND File: C:/Users/david/Desktop/code/2022202092_Digital-Logic-Gate2/project/Top.v Line: 6
    Warning (13410): Pin "m_din[40]" is stuck at GND File: C:/Users/david/Desktop/code/2022202092_Digital-Logic-Gate2/project/Top.v Line: 6
    Warning (13410): Pin "m_din[41]" is stuck at GND File: C:/Users/david/Desktop/code/2022202092_Digital-Logic-Gate2/project/Top.v Line: 6
    Warning (13410): Pin "m_din[42]" is stuck at GND File: C:/Users/david/Desktop/code/2022202092_Digital-Logic-Gate2/project/Top.v Line: 6
    Warning (13410): Pin "m_din[43]" is stuck at GND File: C:/Users/david/Desktop/code/2022202092_Digital-Logic-Gate2/project/Top.v Line: 6
    Warning (13410): Pin "m_din[44]" is stuck at GND File: C:/Users/david/Desktop/code/2022202092_Digital-Logic-Gate2/project/Top.v Line: 6
    Warning (13410): Pin "m_din[45]" is stuck at GND File: C:/Users/david/Desktop/code/2022202092_Digital-Logic-Gate2/project/Top.v Line: 6
    Warning (13410): Pin "m_din[46]" is stuck at GND File: C:/Users/david/Desktop/code/2022202092_Digital-Logic-Gate2/project/Top.v Line: 6
    Warning (13410): Pin "m_din[47]" is stuck at GND File: C:/Users/david/Desktop/code/2022202092_Digital-Logic-Gate2/project/Top.v Line: 6
    Warning (13410): Pin "m_din[48]" is stuck at GND File: C:/Users/david/Desktop/code/2022202092_Digital-Logic-Gate2/project/Top.v Line: 6
    Warning (13410): Pin "m_din[49]" is stuck at GND File: C:/Users/david/Desktop/code/2022202092_Digital-Logic-Gate2/project/Top.v Line: 6
    Warning (13410): Pin "m_din[50]" is stuck at GND File: C:/Users/david/Desktop/code/2022202092_Digital-Logic-Gate2/project/Top.v Line: 6
    Warning (13410): Pin "m_din[51]" is stuck at GND File: C:/Users/david/Desktop/code/2022202092_Digital-Logic-Gate2/project/Top.v Line: 6
    Warning (13410): Pin "m_din[52]" is stuck at GND File: C:/Users/david/Desktop/code/2022202092_Digital-Logic-Gate2/project/Top.v Line: 6
    Warning (13410): Pin "m_din[53]" is stuck at GND File: C:/Users/david/Desktop/code/2022202092_Digital-Logic-Gate2/project/Top.v Line: 6
    Warning (13410): Pin "m_din[54]" is stuck at GND File: C:/Users/david/Desktop/code/2022202092_Digital-Logic-Gate2/project/Top.v Line: 6
    Warning (13410): Pin "m_din[55]" is stuck at GND File: C:/Users/david/Desktop/code/2022202092_Digital-Logic-Gate2/project/Top.v Line: 6
    Warning (13410): Pin "m_din[56]" is stuck at GND File: C:/Users/david/Desktop/code/2022202092_Digital-Logic-Gate2/project/Top.v Line: 6
    Warning (13410): Pin "m_din[57]" is stuck at GND File: C:/Users/david/Desktop/code/2022202092_Digital-Logic-Gate2/project/Top.v Line: 6
    Warning (13410): Pin "m_din[58]" is stuck at GND File: C:/Users/david/Desktop/code/2022202092_Digital-Logic-Gate2/project/Top.v Line: 6
    Warning (13410): Pin "m_din[59]" is stuck at GND File: C:/Users/david/Desktop/code/2022202092_Digital-Logic-Gate2/project/Top.v Line: 6
    Warning (13410): Pin "m_din[60]" is stuck at GND File: C:/Users/david/Desktop/code/2022202092_Digital-Logic-Gate2/project/Top.v Line: 6
    Warning (13410): Pin "m_din[61]" is stuck at GND File: C:/Users/david/Desktop/code/2022202092_Digital-Logic-Gate2/project/Top.v Line: 6
    Warning (13410): Pin "m_din[62]" is stuck at GND File: C:/Users/david/Desktop/code/2022202092_Digital-Logic-Gate2/project/Top.v Line: 6
    Warning (13410): Pin "m_din[63]" is stuck at GND File: C:/Users/david/Desktop/code/2022202092_Digital-Logic-Gate2/project/Top.v Line: 6
    Warning (13410): Pin "interrupt" is stuck at GND File: C:/Users/david/Desktop/code/2022202092_Digital-Logic-Gate2/project/Top.v Line: 5
Info (286030): Timing-Driven Synthesis is running
Info (17049): 33 registers lost all their fanouts during netlist optimizations.
Info (16010): Generating hard_block partition "hard_block:auto_generated_inst"
    Info (16011): Adding 0 node(s), including 0 DDIO, 0 PLL, 0 transceiver and 0 LCELL
Warning (21074): Design contains 81 input pin(s) that do not drive logic
    Warning (15610): No output dependent on input pin "m_wr" File: C:/Users/david/Desktop/code/2022202092_Digital-Logic-Gate2/project/Top.v Line: 2
    Warning (15610): No output dependent on input pin "m_addr[0]" File: C:/Users/david/Desktop/code/2022202092_Digital-Logic-Gate2/project/Top.v Line: 3
    Warning (15610): No output dependent on input pin "m_addr[1]" File: C:/Users/david/Desktop/code/2022202092_Digital-Logic-Gate2/project/Top.v Line: 3
    Warning (15610): No output dependent on input pin "m_addr[2]" File: C:/Users/david/Desktop/code/2022202092_Digital-Logic-Gate2/project/Top.v Line: 3
    Warning (15610): No output dependent on input pin "m_addr[3]" File: C:/Users/david/Desktop/code/2022202092_Digital-Logic-Gate2/project/Top.v Line: 3
    Warning (15610): No output dependent on input pin "m_addr[4]" File: C:/Users/david/Desktop/code/2022202092_Digital-Logic-Gate2/project/Top.v Line: 3
    Warning (15610): No output dependent on input pin "m_addr[5]" File: C:/Users/david/Desktop/code/2022202092_Digital-Logic-Gate2/project/Top.v Line: 3
    Warning (15610): No output dependent on input pin "m_addr[6]" File: C:/Users/david/Desktop/code/2022202092_Digital-Logic-Gate2/project/Top.v Line: 3
    Warning (15610): No output dependent on input pin "m_addr[7]" File: C:/Users/david/Desktop/code/2022202092_Digital-Logic-Gate2/project/Top.v Line: 3
    Warning (15610): No output dependent on input pin "m_addr[8]" File: C:/Users/david/Desktop/code/2022202092_Digital-Logic-Gate2/project/Top.v Line: 3
    Warning (15610): No output dependent on input pin "m_addr[9]" File: C:/Users/david/Desktop/code/2022202092_Digital-Logic-Gate2/project/Top.v Line: 3
    Warning (15610): No output dependent on input pin "m_addr[10]" File: C:/Users/david/Desktop/code/2022202092_Digital-Logic-Gate2/project/Top.v Line: 3
    Warning (15610): No output dependent on input pin "m_addr[11]" File: C:/Users/david/Desktop/code/2022202092_Digital-Logic-Gate2/project/Top.v Line: 3
    Warning (15610): No output dependent on input pin "m_addr[12]" File: C:/Users/david/Desktop/code/2022202092_Digital-Logic-Gate2/project/Top.v Line: 3
    Warning (15610): No output dependent on input pin "m_addr[13]" File: C:/Users/david/Desktop/code/2022202092_Digital-Logic-Gate2/project/Top.v Line: 3
    Warning (15610): No output dependent on input pin "m_addr[14]" File: C:/Users/david/Desktop/code/2022202092_Digital-Logic-Gate2/project/Top.v Line: 3
    Warning (15610): No output dependent on input pin "m_addr[15]" File: C:/Users/david/Desktop/code/2022202092_Digital-Logic-Gate2/project/Top.v Line: 3
    Warning (15610): No output dependent on input pin "m_dout[0]" File: C:/Users/david/Desktop/code/2022202092_Digital-Logic-Gate2/project/Top.v Line: 4
    Warning (15610): No output dependent on input pin "m_dout[1]" File: C:/Users/david/Desktop/code/2022202092_Digital-Logic-Gate2/project/Top.v Line: 4
    Warning (15610): No output dependent on input pin "m_dout[2]" File: C:/Users/david/Desktop/code/2022202092_Digital-Logic-Gate2/project/Top.v Line: 4
    Warning (15610): No output dependent on input pin "m_dout[3]" File: C:/Users/david/Desktop/code/2022202092_Digital-Logic-Gate2/project/Top.v Line: 4
    Warning (15610): No output dependent on input pin "m_dout[4]" File: C:/Users/david/Desktop/code/2022202092_Digital-Logic-Gate2/project/Top.v Line: 4
    Warning (15610): No output dependent on input pin "m_dout[5]" File: C:/Users/david/Desktop/code/2022202092_Digital-Logic-Gate2/project/Top.v Line: 4
    Warning (15610): No output dependent on input pin "m_dout[6]" File: C:/Users/david/Desktop/code/2022202092_Digital-Logic-Gate2/project/Top.v Line: 4
    Warning (15610): No output dependent on input pin "m_dout[7]" File: C:/Users/david/Desktop/code/2022202092_Digital-Logic-Gate2/project/Top.v Line: 4
    Warning (15610): No output dependent on input pin "m_dout[8]" File: C:/Users/david/Desktop/code/2022202092_Digital-Logic-Gate2/project/Top.v Line: 4
    Warning (15610): No output dependent on input pin "m_dout[9]" File: C:/Users/david/Desktop/code/2022202092_Digital-Logic-Gate2/project/Top.v Line: 4
    Warning (15610): No output dependent on input pin "m_dout[10]" File: C:/Users/david/Desktop/code/2022202092_Digital-Logic-Gate2/project/Top.v Line: 4
    Warning (15610): No output dependent on input pin "m_dout[11]" File: C:/Users/david/Desktop/code/2022202092_Digital-Logic-Gate2/project/Top.v Line: 4
    Warning (15610): No output dependent on input pin "m_dout[12]" File: C:/Users/david/Desktop/code/2022202092_Digital-Logic-Gate2/project/Top.v Line: 4
    Warning (15610): No output dependent on input pin "m_dout[13]" File: C:/Users/david/Desktop/code/2022202092_Digital-Logic-Gate2/project/Top.v Line: 4
    Warning (15610): No output dependent on input pin "m_dout[14]" File: C:/Users/david/Desktop/code/2022202092_Digital-Logic-Gate2/project/Top.v Line: 4
    Warning (15610): No output dependent on input pin "m_dout[15]" File: C:/Users/david/Desktop/code/2022202092_Digital-Logic-Gate2/project/Top.v Line: 4
    Warning (15610): No output dependent on input pin "m_dout[16]" File: C:/Users/david/Desktop/code/2022202092_Digital-Logic-Gate2/project/Top.v Line: 4
    Warning (15610): No output dependent on input pin "m_dout[17]" File: C:/Users/david/Desktop/code/2022202092_Digital-Logic-Gate2/project/Top.v Line: 4
    Warning (15610): No output dependent on input pin "m_dout[18]" File: C:/Users/david/Desktop/code/2022202092_Digital-Logic-Gate2/project/Top.v Line: 4
    Warning (15610): No output dependent on input pin "m_dout[19]" File: C:/Users/david/Desktop/code/2022202092_Digital-Logic-Gate2/project/Top.v Line: 4
    Warning (15610): No output dependent on input pin "m_dout[20]" File: C:/Users/david/Desktop/code/2022202092_Digital-Logic-Gate2/project/Top.v Line: 4
    Warning (15610): No output dependent on input pin "m_dout[21]" File: C:/Users/david/Desktop/code/2022202092_Digital-Logic-Gate2/project/Top.v Line: 4
    Warning (15610): No output dependent on input pin "m_dout[22]" File: C:/Users/david/Desktop/code/2022202092_Digital-Logic-Gate2/project/Top.v Line: 4
    Warning (15610): No output dependent on input pin "m_dout[23]" File: C:/Users/david/Desktop/code/2022202092_Digital-Logic-Gate2/project/Top.v Line: 4
    Warning (15610): No output dependent on input pin "m_dout[24]" File: C:/Users/david/Desktop/code/2022202092_Digital-Logic-Gate2/project/Top.v Line: 4
    Warning (15610): No output dependent on input pin "m_dout[25]" File: C:/Users/david/Desktop/code/2022202092_Digital-Logic-Gate2/project/Top.v Line: 4
    Warning (15610): No output dependent on input pin "m_dout[26]" File: C:/Users/david/Desktop/code/2022202092_Digital-Logic-Gate2/project/Top.v Line: 4
    Warning (15610): No output dependent on input pin "m_dout[27]" File: C:/Users/david/Desktop/code/2022202092_Digital-Logic-Gate2/project/Top.v Line: 4
    Warning (15610): No output dependent on input pin "m_dout[28]" File: C:/Users/david/Desktop/code/2022202092_Digital-Logic-Gate2/project/Top.v Line: 4
    Warning (15610): No output dependent on input pin "m_dout[29]" File: C:/Users/david/Desktop/code/2022202092_Digital-Logic-Gate2/project/Top.v Line: 4
    Warning (15610): No output dependent on input pin "m_dout[30]" File: C:/Users/david/Desktop/code/2022202092_Digital-Logic-Gate2/project/Top.v Line: 4
    Warning (15610): No output dependent on input pin "m_dout[31]" File: C:/Users/david/Desktop/code/2022202092_Digital-Logic-Gate2/project/Top.v Line: 4
    Warning (15610): No output dependent on input pin "m_dout[32]" File: C:/Users/david/Desktop/code/2022202092_Digital-Logic-Gate2/project/Top.v Line: 4
    Warning (15610): No output dependent on input pin "m_dout[33]" File: C:/Users/david/Desktop/code/2022202092_Digital-Logic-Gate2/project/Top.v Line: 4
    Warning (15610): No output dependent on input pin "m_dout[34]" File: C:/Users/david/Desktop/code/2022202092_Digital-Logic-Gate2/project/Top.v Line: 4
    Warning (15610): No output dependent on input pin "m_dout[35]" File: C:/Users/david/Desktop/code/2022202092_Digital-Logic-Gate2/project/Top.v Line: 4
    Warning (15610): No output dependent on input pin "m_dout[36]" File: C:/Users/david/Desktop/code/2022202092_Digital-Logic-Gate2/project/Top.v Line: 4
    Warning (15610): No output dependent on input pin "m_dout[37]" File: C:/Users/david/Desktop/code/2022202092_Digital-Logic-Gate2/project/Top.v Line: 4
    Warning (15610): No output dependent on input pin "m_dout[38]" File: C:/Users/david/Desktop/code/2022202092_Digital-Logic-Gate2/project/Top.v Line: 4
    Warning (15610): No output dependent on input pin "m_dout[39]" File: C:/Users/david/Desktop/code/2022202092_Digital-Logic-Gate2/project/Top.v Line: 4
    Warning (15610): No output dependent on input pin "m_dout[40]" File: C:/Users/david/Desktop/code/2022202092_Digital-Logic-Gate2/project/Top.v Line: 4
    Warning (15610): No output dependent on input pin "m_dout[41]" File: C:/Users/david/Desktop/code/2022202092_Digital-Logic-Gate2/project/Top.v Line: 4
    Warning (15610): No output dependent on input pin "m_dout[42]" File: C:/Users/david/Desktop/code/2022202092_Digital-Logic-Gate2/project/Top.v Line: 4
    Warning (15610): No output dependent on input pin "m_dout[43]" File: C:/Users/david/Desktop/code/2022202092_Digital-Logic-Gate2/project/Top.v Line: 4
    Warning (15610): No output dependent on input pin "m_dout[44]" File: C:/Users/david/Desktop/code/2022202092_Digital-Logic-Gate2/project/Top.v Line: 4
    Warning (15610): No output dependent on input pin "m_dout[45]" File: C:/Users/david/Desktop/code/2022202092_Digital-Logic-Gate2/project/Top.v Line: 4
    Warning (15610): No output dependent on input pin "m_dout[46]" File: C:/Users/david/Desktop/code/2022202092_Digital-Logic-Gate2/project/Top.v Line: 4
    Warning (15610): No output dependent on input pin "m_dout[47]" File: C:/Users/david/Desktop/code/2022202092_Digital-Logic-Gate2/project/Top.v Line: 4
    Warning (15610): No output dependent on input pin "m_dout[48]" File: C:/Users/david/Desktop/code/2022202092_Digital-Logic-Gate2/project/Top.v Line: 4
    Warning (15610): No output dependent on input pin "m_dout[49]" File: C:/Users/david/Desktop/code/2022202092_Digital-Logic-Gate2/project/Top.v Line: 4
    Warning (15610): No output dependent on input pin "m_dout[50]" File: C:/Users/david/Desktop/code/2022202092_Digital-Logic-Gate2/project/Top.v Line: 4
    Warning (15610): No output dependent on input pin "m_dout[51]" File: C:/Users/david/Desktop/code/2022202092_Digital-Logic-Gate2/project/Top.v Line: 4
    Warning (15610): No output dependent on input pin "m_dout[52]" File: C:/Users/david/Desktop/code/2022202092_Digital-Logic-Gate2/project/Top.v Line: 4
    Warning (15610): No output dependent on input pin "m_dout[53]" File: C:/Users/david/Desktop/code/2022202092_Digital-Logic-Gate2/project/Top.v Line: 4
    Warning (15610): No output dependent on input pin "m_dout[54]" File: C:/Users/david/Desktop/code/2022202092_Digital-Logic-Gate2/project/Top.v Line: 4
    Warning (15610): No output dependent on input pin "m_dout[55]" File: C:/Users/david/Desktop/code/2022202092_Digital-Logic-Gate2/project/Top.v Line: 4
    Warning (15610): No output dependent on input pin "m_dout[56]" File: C:/Users/david/Desktop/code/2022202092_Digital-Logic-Gate2/project/Top.v Line: 4
    Warning (15610): No output dependent on input pin "m_dout[57]" File: C:/Users/david/Desktop/code/2022202092_Digital-Logic-Gate2/project/Top.v Line: 4
    Warning (15610): No output dependent on input pin "m_dout[58]" File: C:/Users/david/Desktop/code/2022202092_Digital-Logic-Gate2/project/Top.v Line: 4
    Warning (15610): No output dependent on input pin "m_dout[59]" File: C:/Users/david/Desktop/code/2022202092_Digital-Logic-Gate2/project/Top.v Line: 4
    Warning (15610): No output dependent on input pin "m_dout[60]" File: C:/Users/david/Desktop/code/2022202092_Digital-Logic-Gate2/project/Top.v Line: 4
    Warning (15610): No output dependent on input pin "m_dout[61]" File: C:/Users/david/Desktop/code/2022202092_Digital-Logic-Gate2/project/Top.v Line: 4
    Warning (15610): No output dependent on input pin "m_dout[62]" File: C:/Users/david/Desktop/code/2022202092_Digital-Logic-Gate2/project/Top.v Line: 4
    Warning (15610): No output dependent on input pin "m_dout[63]" File: C:/Users/david/Desktop/code/2022202092_Digital-Logic-Gate2/project/Top.v Line: 4
Info (21057): Implemented 151 device resources after synthesis - the final resource count might be different
    Info (21058): Implemented 84 input pins
    Info (21059): Implemented 66 output pins
    Info (21061): Implemented 1 logic cells
Info: Quartus Prime Analysis & Synthesis was successful. 0 errors, 155 warnings
    Info: Peak virtual memory: 4815 megabytes
    Info: Processing ended: Fri Nov 24 17:32:41 2023
    Info: Elapsed time: 00:00:13
    Info: Total CPU time (on all processors): 00:00:09


