Analysis & Synthesis report for shifter8
Tue Oct 17 18:04:01 2023
Quartus Prime Version 18.1.0 Build 625 09/12/2018 SJ Lite Edition


---------------------
; Table of Contents ;
---------------------
  1. Legal Notice
  2. Analysis & Synthesis Summary
  3. Analysis & Synthesis Settings
  4. Parallel Compilation
  5. Analysis & Synthesis Source Files Read
  6. Analysis & Synthesis Resource Usage Summary
  7. Analysis & Synthesis Resource Utilization by Entity
  8. User-Specified and Inferred Latches
  9. General Register Statistics
 10. Multiplexer Restructuring Statistics (Restructuring Performed)
 11. Parameter Settings for User Entity Instance: cc_logic:U1_cc_logic
 12. Port Connectivity Checks: "cc_logic:U1_cc_logic|LSR8:U1_LSR8|mx4:U7_mx4"
 13. Port Connectivity Checks: "cc_logic:U1_cc_logic|LSR8:U1_LSR8|mx4:U6_mx4"
 14. Port Connectivity Checks: "cc_logic:U1_cc_logic|LSR8:U1_LSR8|mx4:U5_mx4"
 15. Port Connectivity Checks: "cc_logic:U1_cc_logic|LSL8:U0_LSL8|mx4:U2_mx4"
 16. Port Connectivity Checks: "cc_logic:U1_cc_logic|LSL8:U0_LSL8|mx4:U1_mx4"
 17. Port Connectivity Checks: "cc_logic:U1_cc_logic|LSL8:U0_LSL8|mx4:U0_mx4"
 18. Post-Synthesis Netlist Statistics for Top Partition
 19. Elapsed Time Per Partition
 20. Analysis & Synthesis Messages



----------------
; Legal Notice ;
----------------
Copyright (C) 2018  Intel Corporation. All rights reserved.
Your use of Intel Corporation's design tools, logic functions 
and other software and tools, and its AMPP partner logic 
functions, and any output files from any of the foregoing 
(including device programming or simulation files), and any 
associated documentation or information are expressly subject 
to the terms and conditions of the Intel Program License 
Subscription Agreement, the Intel Quartus Prime License Agreement,
the Intel FPGA IP License Agreement, or other applicable license
agreement, including, without limitation, that your use is for
the sole purpose of programming logic devices manufactured by
Intel and sold by Intel or its authorized distributors.  Please
refer to the applicable agreement for further details.



+-------------------------------------------------------------------------------+
; Analysis & Synthesis Summary                                                  ;
+---------------------------------+---------------------------------------------+
; Analysis & Synthesis Status     ; Successful - Tue Oct 17 18:04:01 2023       ;
; Quartus Prime Version           ; 18.1.0 Build 625 09/12/2018 SJ Lite Edition ;
; Revision Name                   ; shifter8                                    ;
; Top-level Entity Name           ; shifter8                                    ;
; Family                          ; Cyclone V                                   ;
; Logic utilization (in ALMs)     ; N/A                                         ;
; Total registers                 ; 8                                           ;
; Total pins                      ; 23                                          ;
; Total virtual pins              ; 0                                           ;
; Total block memory bits         ; 0                                           ;
; Total DSP Blocks                ; 0                                           ;
; Total HSSI RX PCSs              ; 0                                           ;
; Total HSSI PMA RX Deserializers ; 0                                           ;
; Total HSSI TX PCSs              ; 0                                           ;
; Total HSSI PMA TX Serializers   ; 0                                           ;
; Total PLLs                      ; 0                                           ;
; Total DLLs                      ; 0                                           ;
+---------------------------------+---------------------------------------------+


+---------------------------------------------------------------------------------------------------------------------------+
; Analysis & Synthesis Settings                                                                                             ;
+---------------------------------------------------------------------------------+--------------------+--------------------+
; Option                                                                          ; Setting            ; Default Value      ;
+---------------------------------------------------------------------------------+--------------------+--------------------+
; Device                                                                          ; 5CSXFC6D6F31C6     ;                    ;
; Top-level entity name                                                           ; shifter8           ; shifter8           ;
; Family name                                                                     ; Cyclone V          ; Cyclone V          ;
; Use smart compilation                                                           ; Off                ; Off                ;
; Enable parallel Assembler and Timing Analyzer during compilation                ; On                 ; On                 ;
; Enable compact report table                                                     ; Off                ; Off                ;
; Restructure Multiplexers                                                        ; Auto               ; Auto               ;
; MLAB Add Timing Constraints For Mixed-Port Feed-Through Mode Setting Don't Care ; Off                ; Off                ;
; Create Debugging Nodes for IP Cores                                             ; Off                ; Off                ;
; Preserve fewer node names                                                       ; On                 ; On                 ;
; Intel FPGA IP Evaluation Mode                                                   ; Enable             ; Enable             ;
; Verilog Version                                                                 ; Verilog_2001       ; Verilog_2001       ;
; VHDL Version                                                                    ; VHDL_1993          ; VHDL_1993          ;
; State Machine Processing                                                        ; Auto               ; Auto               ;
; Safe State Machine                                                              ; Off                ; Off                ;
; Extract Verilog State Machines                                                  ; On                 ; On                 ;
; Extract VHDL State Machines                                                     ; On                 ; On                 ;
; Ignore Verilog initial constructs                                               ; Off                ; Off                ;
; Iteration limit for constant Verilog loops                                      ; 5000               ; 5000               ;
; Iteration limit for non-constant Verilog loops                                  ; 250                ; 250                ;
; Add Pass-Through Logic to Inferred RAMs                                         ; On                 ; On                 ;
; Infer RAMs from Raw Logic                                                       ; On                 ; On                 ;
; Parallel Synthesis                                                              ; On                 ; On                 ;
; DSP Block Balancing                                                             ; Auto               ; Auto               ;
; NOT Gate Push-Back                                                              ; On                 ; On                 ;
; Power-Up Don't Care                                                             ; On                 ; On                 ;
; Remove Redundant Logic Cells                                                    ; Off                ; Off                ;
; Remove Duplicate Registers                                                      ; On                 ; On                 ;
; Ignore CARRY Buffers                                                            ; Off                ; Off                ;
; Ignore CASCADE Buffers                                                          ; Off                ; Off                ;
; Ignore GLOBAL Buffers                                                           ; Off                ; Off                ;
; Ignore ROW GLOBAL Buffers                                                       ; Off                ; Off                ;
; Ignore LCELL Buffers                                                            ; Off                ; Off                ;
; Ignore SOFT Buffers                                                             ; On                 ; On                 ;
; Limit AHDL Integers to 32 Bits                                                  ; Off                ; Off                ;
; Optimization Technique                                                          ; Balanced           ; Balanced           ;
; Carry Chain Length                                                              ; 70                 ; 70                 ;
; Auto Carry Chains                                                               ; On                 ; On                 ;
; Auto Open-Drain Pins                                                            ; On                 ; On                 ;
; Perform WYSIWYG Primitive Resynthesis                                           ; Off                ; Off                ;
; Auto ROM Replacement                                                            ; On                 ; On                 ;
; Auto RAM Replacement                                                            ; On                 ; On                 ;
; Auto DSP Block Replacement                                                      ; On                 ; On                 ;
; Auto Shift Register Replacement                                                 ; Auto               ; Auto               ;
; Allow Shift Register Merging across Hierarchies                                 ; Auto               ; Auto               ;
; Auto Clock Enable Replacement                                                   ; On                 ; On                 ;
; Strict RAM Replacement                                                          ; Off                ; Off                ;
; Allow Synchronous Control Signals                                               ; On                 ; On                 ;
; Force Use of Synchronous Clear Signals                                          ; Off                ; Off                ;
; Auto Resource Sharing                                                           ; Off                ; Off                ;
; Allow Any RAM Size For Recognition                                              ; Off                ; Off                ;
; Allow Any ROM Size For Recognition                                              ; Off                ; Off                ;
; Allow Any Shift Register Size For Recognition                                   ; Off                ; Off                ;
; Use LogicLock Constraints during Resource Balancing                             ; On                 ; On                 ;
; Ignore translate_off and synthesis_off directives                               ; Off                ; Off                ;
; Timing-Driven Synthesis                                                         ; On                 ; On                 ;
; Report Parameter Settings                                                       ; On                 ; On                 ;
; Report Source Assignments                                                       ; On                 ; On                 ;
; Report Connectivity Checks                                                      ; On                 ; On                 ;
; Ignore Maximum Fan-Out Assignments                                              ; Off                ; Off                ;
; Synchronization Register Chain Length                                           ; 3                  ; 3                  ;
; Power Optimization During Synthesis                                             ; Normal compilation ; Normal compilation ;
; HDL message level                                                               ; Level2             ; Level2             ;
; Suppress Register Optimization Related Messages                                 ; Off                ; Off                ;
; Number of Removed Registers Reported in Synthesis Report                        ; 5000               ; 5000               ;
; Number of Swept Nodes Reported in Synthesis Report                              ; 5000               ; 5000               ;
; Number of Inverted Registers Reported in Synthesis Report                       ; 100                ; 100                ;
; Clock MUX Protection                                                            ; On                 ; On                 ;
; Auto Gated Clock Conversion                                                     ; Off                ; Off                ;
; Block Design Naming                                                             ; Auto               ; Auto               ;
; SDC constraint protection                                                       ; Off                ; Off                ;
; Synthesis Effort                                                                ; Auto               ; Auto               ;
; Shift Register Replacement - Allow Asynchronous Clear Signal                    ; On                 ; On                 ;
; Pre-Mapping Resynthesis Optimization                                            ; Off                ; Off                ;
; Analysis & Synthesis Message Level                                              ; Medium             ; Medium             ;
; Disable Register Merging Across Hierarchies                                     ; Auto               ; Auto               ;
; Resource Aware Inference For Block RAM                                          ; On                 ; On                 ;
; Automatic Parallel Synthesis                                                    ; On                 ; On                 ;
; Partial Reconfiguration Bitstream ID                                            ; Off                ; Off                ;
+---------------------------------------------------------------------------------+--------------------+--------------------+


+------------------------------------------+
; Parallel Compilation                     ;
+----------------------------+-------------+
; Processors                 ; Number      ;
+----------------------------+-------------+
; Number detected on machine ; 8           ;
; Maximum allowed            ; 4           ;
;                            ;             ;
; Average used               ; 1.00        ;
; Maximum used               ; 4           ;
;                            ;             ;
; Usage by Processor         ; % Time Used ;
;     Processor 1            ; 100.0%      ;
;     Processors 2-4         ;   0.0%      ;
+----------------------------+-------------+


+----------------------------------------------------------------------------------------------------------------------------------------------------------------------------------------+
; Analysis & Synthesis Source Files Read                                                                                                                                                 ;
+----------------------------------+-----------------+------------------------+------------------------------------------------------------------------------------------------+---------+
; File Name with User-Entered Path ; Used in Netlist ; File Type              ; File Name with Absolute Path                                                                   ; Library ;
+----------------------------------+-----------------+------------------------+------------------------------------------------------------------------------------------------+---------+
; _register8_r.v                   ; yes             ; User Verilog HDL File  ; C:/Users/david/Desktop/code/2022202092_Digital-Logic-Gate2/Assignment7/shifter8/_register8_r.v ;         ;
; _dff_r.v                         ; yes             ; User Verilog HDL File  ; C:/Users/david/Desktop/code/2022202092_Digital-Logic-Gate2/Assignment7/shifter8/_dff_r.v       ;         ;
; mx2.v                            ; yes             ; User Verilog HDL File  ; C:/Users/david/Desktop/code/2022202092_Digital-Logic-Gate2/Assignment7/shifter8/mx2.v          ;         ;
; gates.v                          ; yes             ; User Verilog HDL File  ; C:/Users/david/Desktop/code/2022202092_Digital-Logic-Gate2/Assignment7/shifter8/gates.v        ;         ;
; mx4.v                            ; yes             ; User Verilog HDL File  ; C:/Users/david/Desktop/code/2022202092_Digital-Logic-Gate2/Assignment7/shifter8/mx4.v          ;         ;
; LSL8.v                           ; yes             ; User Verilog HDL File  ; C:/Users/david/Desktop/code/2022202092_Digital-Logic-Gate2/Assignment7/shifter8/LSL8.v         ;         ;
; shifter8.v                       ; yes             ; User Verilog HDL File  ; C:/Users/david/Desktop/code/2022202092_Digital-Logic-Gate2/Assignment7/shifter8/shifter8.v     ;         ;
; LSR8.v                           ; yes             ; User Verilog HDL File  ; C:/Users/david/Desktop/code/2022202092_Digital-Logic-Gate2/Assignment7/shifter8/LSR8.v         ;         ;
; ASR8.v                           ; yes             ; User Verilog HDL File  ; C:/Users/david/Desktop/code/2022202092_Digital-Logic-Gate2/Assignment7/shifter8/ASR8.v         ;         ;
; cc_logic.v                       ; yes             ; User Verilog HDL File  ; C:/Users/david/Desktop/code/2022202092_Digital-Logic-Gate2/Assignment7/shifter8/cc_logic.v     ;         ;
+----------------------------------+-----------------+------------------------+------------------------------------------------------------------------------------------------+---------+


+--------------------------------------------------------------+
; Analysis & Synthesis Resource Usage Summary                  ;
+---------------------------------------------+----------------+
; Resource                                    ; Usage          ;
+---------------------------------------------+----------------+
; Estimate of Logic utilization (ALMs needed) ; 35             ;
;                                             ;                ;
; Combinational ALUT usage for logic          ; 50             ;
;     -- 7 input functions                    ; 4              ;
;     -- 6 input functions                    ; 16             ;
;     -- 5 input functions                    ; 8              ;
;     -- 4 input functions                    ; 7              ;
;     -- <=3 input functions                  ; 15             ;
;                                             ;                ;
; Dedicated logic registers                   ; 8              ;
;                                             ;                ;
; I/O pins                                    ; 23             ;
;                                             ;                ;
; Total DSP Blocks                            ; 0              ;
;                                             ;                ;
; Maximum fan-out node                        ; shamt[1]~input ;
; Maximum fan-out                             ; 23             ;
; Total fan-out                               ; 291            ;
; Average fan-out                             ; 2.80           ;
+---------------------------------------------+----------------+


+-------------------------------------------------------------------------------------------------------------------------------------------------------------------------------------------------------------------------------------------------------------+
; Analysis & Synthesis Resource Utilization by Entity                                                                                                                                                                                                         ;
+----------------------------------+---------------------+---------------------------+-------------------+------------+------+--------------+-----------------------------------------------------------------------------------+--------------+--------------+
; Compilation Hierarchy Node       ; Combinational ALUTs ; Dedicated Logic Registers ; Block Memory Bits ; DSP Blocks ; Pins ; Virtual Pins ; Full Hierarchy Name                                                               ; Entity Name  ; Library Name ;
+----------------------------------+---------------------+---------------------------+-------------------+------------+------+--------------+-----------------------------------------------------------------------------------+--------------+--------------+
; |shifter8                        ; 50 (0)              ; 8 (0)                     ; 0                 ; 0          ; 23   ; 0            ; |shifter8                                                                         ; shifter8     ; work         ;
;    |_register8_r:U0_register8_r| ; 0 (0)               ; 8 (0)                     ; 0                 ; 0          ; 0    ; 0            ; |shifter8|_register8_r:U0_register8_r                                             ; _register8_r ; work         ;
;       |_dff_r:U0_dff_r|          ; 0 (0)               ; 1 (1)                     ; 0                 ; 0          ; 0    ; 0            ; |shifter8|_register8_r:U0_register8_r|_dff_r:U0_dff_r                             ; _dff_r       ; work         ;
;       |_dff_r:U1_dff_r|          ; 0 (0)               ; 1 (1)                     ; 0                 ; 0          ; 0    ; 0            ; |shifter8|_register8_r:U0_register8_r|_dff_r:U1_dff_r                             ; _dff_r       ; work         ;
;       |_dff_r:U2_dff_r|          ; 0 (0)               ; 1 (1)                     ; 0                 ; 0          ; 0    ; 0            ; |shifter8|_register8_r:U0_register8_r|_dff_r:U2_dff_r                             ; _dff_r       ; work         ;
;       |_dff_r:U3_dff_r|          ; 0 (0)               ; 1 (1)                     ; 0                 ; 0          ; 0    ; 0            ; |shifter8|_register8_r:U0_register8_r|_dff_r:U3_dff_r                             ; _dff_r       ; work         ;
;       |_dff_r:U4_dff_r|          ; 0 (0)               ; 1 (1)                     ; 0                 ; 0          ; 0    ; 0            ; |shifter8|_register8_r:U0_register8_r|_dff_r:U4_dff_r                             ; _dff_r       ; work         ;
;       |_dff_r:U5_dff_r|          ; 0 (0)               ; 1 (1)                     ; 0                 ; 0          ; 0    ; 0            ; |shifter8|_register8_r:U0_register8_r|_dff_r:U5_dff_r                             ; _dff_r       ; work         ;
;       |_dff_r:U6_dff_r|          ; 0 (0)               ; 1 (1)                     ; 0                 ; 0          ; 0    ; 0            ; |shifter8|_register8_r:U0_register8_r|_dff_r:U6_dff_r                             ; _dff_r       ; work         ;
;       |_dff_r:U7_dff_r|          ; 0 (0)               ; 1 (1)                     ; 0                 ; 0          ; 0    ; 0            ; |shifter8|_register8_r:U0_register8_r|_dff_r:U7_dff_r                             ; _dff_r       ; work         ;
;    |cc_logic:U1_cc_logic|        ; 50 (45)             ; 0 (0)                     ; 0                 ; 0          ; 0    ; 0            ; |shifter8|cc_logic:U1_cc_logic                                                    ; cc_logic     ; work         ;
;       |LSL8:U0_LSL8|             ; 2 (0)               ; 0 (0)                     ; 0                 ; 0          ; 0    ; 0            ; |shifter8|cc_logic:U1_cc_logic|LSL8:U0_LSL8                                       ; LSL8         ; work         ;
;          |mx4:U5_mx4|            ; 1 (0)               ; 0 (0)                     ; 0                 ; 0          ; 0    ; 0            ; |shifter8|cc_logic:U1_cc_logic|LSL8:U0_LSL8|mx4:U5_mx4                            ; mx4          ; work         ;
;             |mx2:U2_mx2|         ; 1 (0)               ; 0 (0)                     ; 0                 ; 0          ; 0    ; 0            ; |shifter8|cc_logic:U1_cc_logic|LSL8:U0_LSL8|mx4:U5_mx4|mx2:U2_mx2                 ; mx2          ; work         ;
;                |_nand2:U3_nand2| ; 1 (1)               ; 0 (0)                     ; 0                 ; 0          ; 0    ; 0            ; |shifter8|cc_logic:U1_cc_logic|LSL8:U0_LSL8|mx4:U5_mx4|mx2:U2_mx2|_nand2:U3_nand2 ; _nand2       ; work         ;
;          |mx4:U7_mx4|            ; 1 (0)               ; 0 (0)                     ; 0                 ; 0          ; 0    ; 0            ; |shifter8|cc_logic:U1_cc_logic|LSL8:U0_LSL8|mx4:U7_mx4                            ; mx4          ; work         ;
;             |mx2:U2_mx2|         ; 1 (0)               ; 0 (0)                     ; 0                 ; 0          ; 0    ; 0            ; |shifter8|cc_logic:U1_cc_logic|LSL8:U0_LSL8|mx4:U7_mx4|mx2:U2_mx2                 ; mx2          ; work         ;
;                |_nand2:U3_nand2| ; 1 (1)               ; 0 (0)                     ; 0                 ; 0          ; 0    ; 0            ; |shifter8|cc_logic:U1_cc_logic|LSL8:U0_LSL8|mx4:U7_mx4|mx2:U2_mx2|_nand2:U3_nand2 ; _nand2       ; work         ;
;       |LSR8:U1_LSR8|             ; 3 (0)               ; 0 (0)                     ; 0                 ; 0          ; 0    ; 0            ; |shifter8|cc_logic:U1_cc_logic|LSR8:U1_LSR8                                       ; LSR8         ; work         ;
;          |mx4:U0_mx4|            ; 1 (0)               ; 0 (0)                     ; 0                 ; 0          ; 0    ; 0            ; |shifter8|cc_logic:U1_cc_logic|LSR8:U1_LSR8|mx4:U0_mx4                            ; mx4          ; work         ;
;             |mx2:U2_mx2|         ; 1 (0)               ; 0 (0)                     ; 0                 ; 0          ; 0    ; 0            ; |shifter8|cc_logic:U1_cc_logic|LSR8:U1_LSR8|mx4:U0_mx4|mx2:U2_mx2                 ; mx2          ; work         ;
;                |_nand2:U3_nand2| ; 1 (1)               ; 0 (0)                     ; 0                 ; 0          ; 0    ; 0            ; |shifter8|cc_logic:U1_cc_logic|LSR8:U1_LSR8|mx4:U0_mx4|mx2:U2_mx2|_nand2:U3_nand2 ; _nand2       ; work         ;
;          |mx4:U2_mx4|            ; 1 (0)               ; 0 (0)                     ; 0                 ; 0          ; 0    ; 0            ; |shifter8|cc_logic:U1_cc_logic|LSR8:U1_LSR8|mx4:U2_mx4                            ; mx4          ; work         ;
;             |mx2:U2_mx2|         ; 1 (0)               ; 0 (0)                     ; 0                 ; 0          ; 0    ; 0            ; |shifter8|cc_logic:U1_cc_logic|LSR8:U1_LSR8|mx4:U2_mx4|mx2:U2_mx2                 ; mx2          ; work         ;
;                |_nand2:U3_nand2| ; 1 (1)               ; 0 (0)                     ; 0                 ; 0          ; 0    ; 0            ; |shifter8|cc_logic:U1_cc_logic|LSR8:U1_LSR8|mx4:U2_mx4|mx2:U2_mx2|_nand2:U3_nand2 ; _nand2       ; work         ;
;          |mx4:U5_mx4|            ; 1 (0)               ; 0 (0)                     ; 0                 ; 0          ; 0    ; 0            ; |shifter8|cc_logic:U1_cc_logic|LSR8:U1_LSR8|mx4:U5_mx4                            ; mx4          ; work         ;
;             |mx2:U2_mx2|         ; 1 (0)               ; 0 (0)                     ; 0                 ; 0          ; 0    ; 0            ; |shifter8|cc_logic:U1_cc_logic|LSR8:U1_LSR8|mx4:U5_mx4|mx2:U2_mx2                 ; mx2          ; work         ;
;                |_nand2:U3_nand2| ; 1 (1)               ; 0 (0)                     ; 0                 ; 0          ; 0    ; 0            ; |shifter8|cc_logic:U1_cc_logic|LSR8:U1_LSR8|mx4:U5_mx4|mx2:U2_mx2|_nand2:U3_nand2 ; _nand2       ; work         ;
+----------------------------------+---------------------+---------------------------+-------------------+------------+------+--------------+-----------------------------------------------------------------------------------+--------------+--------------+
Note: For table entries with two numbers listed, the numbers in parentheses indicate the number of resources of the given type used by the specific entity alone. The numbers listed outside of parentheses indicate the total resources of the given type used by the specific entity and all of its sub-entities in the hierarchy.


+---------------------------------------------------------------------------------------------------------+
; User-Specified and Inferred Latches                                                                     ;
+----------------------------------------------------+---------------------------+------------------------+
; Latch Name                                         ; Latch Enable Signal       ; Free of Timing Hazards ;
+----------------------------------------------------+---------------------------+------------------------+
; cc_logic:U1_cc_logic|d_next[0]                     ; cc_logic:U1_cc_logic|Mux8 ; yes                    ;
; cc_logic:U1_cc_logic|d_next[1]                     ; cc_logic:U1_cc_logic|Mux8 ; yes                    ;
; cc_logic:U1_cc_logic|d_next[2]                     ; cc_logic:U1_cc_logic|Mux8 ; yes                    ;
; cc_logic:U1_cc_logic|d_next[3]                     ; cc_logic:U1_cc_logic|Mux8 ; yes                    ;
; cc_logic:U1_cc_logic|d_next[4]                     ; cc_logic:U1_cc_logic|Mux8 ; yes                    ;
; cc_logic:U1_cc_logic|d_next[5]                     ; cc_logic:U1_cc_logic|Mux8 ; yes                    ;
; cc_logic:U1_cc_logic|d_next[6]                     ; cc_logic:U1_cc_logic|Mux8 ; yes                    ;
; cc_logic:U1_cc_logic|d_next[7]                     ; cc_logic:U1_cc_logic|Mux8 ; yes                    ;
; Number of user-specified and inferred latches = 8  ;                           ;                        ;
+----------------------------------------------------+---------------------------+------------------------+
Note: All latches listed above may not be present at the end of synthesis due to various synthesis optimizations.


+------------------------------------------------------+
; General Register Statistics                          ;
+----------------------------------------------+-------+
; Statistic                                    ; Value ;
+----------------------------------------------+-------+
; Total registers                              ; 8     ;
; Number of registers using Synchronous Clear  ; 0     ;
; Number of registers using Synchronous Load   ; 0     ;
; Number of registers using Asynchronous Clear ; 8     ;
; Number of registers using Asynchronous Load  ; 0     ;
; Number of registers using Clock Enable       ; 0     ;
; Number of registers using Preset             ; 0     ;
+----------------------------------------------+-------+


+---------------------------------------------------------------------------------------------------------------------------------------------------+
; Multiplexer Restructuring Statistics (Restructuring Performed)                                                                                    ;
+--------------------+-----------+---------------+----------------------+------------------------+------------+-------------------------------------+
; Multiplexer Inputs ; Bus Width ; Baseline Area ; Area if Restructured ; Saving if Restructured ; Registered ; Example Multiplexer Output          ;
+--------------------+-----------+---------------+----------------------+------------------------+------------+-------------------------------------+
; 7:1                ; 2 bits    ; 8 LEs         ; 8 LEs                ; 0 LEs                  ; No         ; |shifter8|cc_logic:U1_cc_logic|Mux0 ;
; 9:1                ; 2 bits    ; 12 LEs        ; 8 LEs                ; 4 LEs                  ; No         ; |shifter8|cc_logic:U1_cc_logic|Mux3 ;
+--------------------+-----------+---------------+----------------------+------------------------+------------+-------------------------------------+


+-------------------------------------------------------------------+
; Parameter Settings for User Entity Instance: cc_logic:U1_cc_logic ;
+----------------+-------+------------------------------------------+
; Parameter Name ; Value ; Type                                     ;
+----------------+-------+------------------------------------------+
; NOP            ; 000   ; Unsigned Binary                          ;
; LOAD           ; 111   ; Unsigned Binary                          ;
; LSL            ; 001   ; Unsigned Binary                          ;
; LSR            ; 010   ; Unsigned Binary                          ;
; ASR            ; 100   ; Unsigned Binary                          ;
+----------------+-------+------------------------------------------+
Note: In order to hide this table in the UI and the text report file, please set the "Show Parameter Settings in Synthesis Report" option in "Analysis and Synthesis Settings -> More Settings" to "Off".


+--------------------------------------------------------------------------+
; Port Connectivity Checks: "cc_logic:U1_cc_logic|LSR8:U1_LSR8|mx4:U7_mx4" ;
+------+-------+----------+------------------------------------------------+
; Port ; Type  ; Severity ; Details                                        ;
+------+-------+----------+------------------------------------------------+
; d1   ; Input ; Info     ; Stuck at GND                                   ;
; d2   ; Input ; Info     ; Stuck at GND                                   ;
; d3   ; Input ; Info     ; Stuck at GND                                   ;
+------+-------+----------+------------------------------------------------+


+--------------------------------------------------------------------------+
; Port Connectivity Checks: "cc_logic:U1_cc_logic|LSR8:U1_LSR8|mx4:U6_mx4" ;
+------+-------+----------+------------------------------------------------+
; Port ; Type  ; Severity ; Details                                        ;
+------+-------+----------+------------------------------------------------+
; d2   ; Input ; Info     ; Stuck at GND                                   ;
; d3   ; Input ; Info     ; Stuck at GND                                   ;
+------+-------+----------+------------------------------------------------+


+--------------------------------------------------------------------------+
; Port Connectivity Checks: "cc_logic:U1_cc_logic|LSR8:U1_LSR8|mx4:U5_mx4" ;
+------+-------+----------+------------------------------------------------+
; Port ; Type  ; Severity ; Details                                        ;
+------+-------+----------+------------------------------------------------+
; d3   ; Input ; Info     ; Stuck at GND                                   ;
+------+-------+----------+------------------------------------------------+


+--------------------------------------------------------------------------+
; Port Connectivity Checks: "cc_logic:U1_cc_logic|LSL8:U0_LSL8|mx4:U2_mx4" ;
+------+-------+----------+------------------------------------------------+
; Port ; Type  ; Severity ; Details                                        ;
+------+-------+----------+------------------------------------------------+
; d3   ; Input ; Info     ; Stuck at GND                                   ;
+------+-------+----------+------------------------------------------------+


+--------------------------------------------------------------------------+
; Port Connectivity Checks: "cc_logic:U1_cc_logic|LSL8:U0_LSL8|mx4:U1_mx4" ;
+------+-------+----------+------------------------------------------------+
; Port ; Type  ; Severity ; Details                                        ;
+------+-------+----------+------------------------------------------------+
; d2   ; Input ; Info     ; Stuck at GND                                   ;
; d3   ; Input ; Info     ; Stuck at GND                                   ;
+------+-------+----------+------------------------------------------------+


+--------------------------------------------------------------------------+
; Port Connectivity Checks: "cc_logic:U1_cc_logic|LSL8:U0_LSL8|mx4:U0_mx4" ;
+------+-------+----------+------------------------------------------------+
; Port ; Type  ; Severity ; Details                                        ;
+------+-------+----------+------------------------------------------------+
; d1   ; Input ; Info     ; Stuck at GND                                   ;
; d2   ; Input ; Info     ; Stuck at GND                                   ;
; d3   ; Input ; Info     ; Stuck at GND                                   ;
+------+-------+----------+------------------------------------------------+


+-----------------------------------------------------+
; Post-Synthesis Netlist Statistics for Top Partition ;
+-----------------------+-----------------------------+
; Type                  ; Count                       ;
+-----------------------+-----------------------------+
; arriav_ff             ; 8                           ;
;     CLR               ; 8                           ;
; arriav_lcell_comb     ; 50                          ;
;     extend            ; 4                           ;
;         7 data inputs ; 4                           ;
;     normal            ; 46                          ;
;         2 data inputs ; 1                           ;
;         3 data inputs ; 14                          ;
;         4 data inputs ; 7                           ;
;         5 data inputs ; 8                           ;
;         6 data inputs ; 16                          ;
; boundary_port         ; 23                          ;
;                       ;                             ;
; Max LUT depth         ; 4.00                        ;
; Average LUT depth     ; 3.21                        ;
+-----------------------+-----------------------------+


+-------------------------------+
; Elapsed Time Per Partition    ;
+----------------+--------------+
; Partition Name ; Elapsed Time ;
+----------------+--------------+
; Top            ; 00:00:00     ;
+----------------+--------------+


+-------------------------------+
; Analysis & Synthesis Messages ;
+-------------------------------+
Info: *******************************************************************
Info: Running Quartus Prime Analysis & Synthesis
    Info: Version 18.1.0 Build 625 09/12/2018 SJ Lite Edition
    Info: Processing started: Tue Oct 17 18:03:49 2023
Info: Command: quartus_map --read_settings_files=on --write_settings_files=off shifter8 -c shifter8
Warning (18236): Number of processors has not been specified which may cause overloading on shared machines.  Set the global assignment NUM_PARALLEL_PROCESSORS in your QSF to an appropriate value for best performance.
Info (20030): Parallel compilation is enabled and will use 4 of the 4 processors detected
Info (12021): Found 1 design units, including 1 entities, in source file _register8_r.v
    Info (12023): Found entity 1: _register8_r File: C:/Users/david/Desktop/code/2022202092_Digital-Logic-Gate2/Assignment7/shifter8/_register8_r.v Line: 1
Info (12021): Found 1 design units, including 1 entities, in source file _dff_r.v
    Info (12023): Found entity 1: _dff_r File: C:/Users/david/Desktop/code/2022202092_Digital-Logic-Gate2/Assignment7/shifter8/_dff_r.v Line: 1
Info (12021): Found 1 design units, including 1 entities, in source file mx2.v
    Info (12023): Found entity 1: mx2 File: C:/Users/david/Desktop/code/2022202092_Digital-Logic-Gate2/Assignment7/shifter8/mx2.v Line: 1
Info (12021): Found 21 design units, including 21 entities, in source file gates.v
    Info (12023): Found entity 1: _inv File: C:/Users/david/Desktop/code/2022202092_Digital-Logic-Gate2/Assignment7/shifter8/gates.v Line: 1
    Info (12023): Found entity 2: _nand2 File: C:/Users/david/Desktop/code/2022202092_Digital-Logic-Gate2/Assignment7/shifter8/gates.v Line: 9
    Info (12023): Found entity 3: _and2 File: C:/Users/david/Desktop/code/2022202092_Digital-Logic-Gate2/Assignment7/shifter8/gates.v Line: 17
    Info (12023): Found entity 4: _or2 File: C:/Users/david/Desktop/code/2022202092_Digital-Logic-Gate2/Assignment7/shifter8/gates.v Line: 25
    Info (12023): Found entity 5: _xor2 File: C:/Users/david/Desktop/code/2022202092_Digital-Logic-Gate2/Assignment7/shifter8/gates.v Line: 34
    Info (12023): Found entity 6: _and3 File: C:/Users/david/Desktop/code/2022202092_Digital-Logic-Gate2/Assignment7/shifter8/gates.v Line: 49
    Info (12023): Found entity 7: _and4 File: C:/Users/david/Desktop/code/2022202092_Digital-Logic-Gate2/Assignment7/shifter8/gates.v Line: 57
    Info (12023): Found entity 8: _and5 File: C:/Users/david/Desktop/code/2022202092_Digital-Logic-Gate2/Assignment7/shifter8/gates.v Line: 65
    Info (12023): Found entity 9: _or3 File: C:/Users/david/Desktop/code/2022202092_Digital-Logic-Gate2/Assignment7/shifter8/gates.v Line: 73
    Info (12023): Found entity 10: _or4 File: C:/Users/david/Desktop/code/2022202092_Digital-Logic-Gate2/Assignment7/shifter8/gates.v Line: 81
    Info (12023): Found entity 11: _or5 File: C:/Users/david/Desktop/code/2022202092_Digital-Logic-Gate2/Assignment7/shifter8/gates.v Line: 89
    Info (12023): Found entity 12: _inv_4bits File: C:/Users/david/Desktop/code/2022202092_Digital-Logic-Gate2/Assignment7/shifter8/gates.v Line: 97
    Info (12023): Found entity 13: _and2_4bits File: C:/Users/david/Desktop/code/2022202092_Digital-Logic-Gate2/Assignment7/shifter8/gates.v Line: 105
    Info (12023): Found entity 14: _or2_4bits File: C:/Users/david/Desktop/code/2022202092_Digital-Logic-Gate2/Assignment7/shifter8/gates.v Line: 113
    Info (12023): Found entity 15: _xor2_4bits File: C:/Users/david/Desktop/code/2022202092_Digital-Logic-Gate2/Assignment7/shifter8/gates.v Line: 121
    Info (12023): Found entity 16: _xnor2_4bits File: C:/Users/david/Desktop/code/2022202092_Digital-Logic-Gate2/Assignment7/shifter8/gates.v Line: 132
    Info (12023): Found entity 17: _inv_32bits File: C:/Users/david/Desktop/code/2022202092_Digital-Logic-Gate2/Assignment7/shifter8/gates.v Line: 143
    Info (12023): Found entity 18: _and2_32bits File: C:/Users/david/Desktop/code/2022202092_Digital-Logic-Gate2/Assignment7/shifter8/gates.v Line: 151
    Info (12023): Found entity 19: _or2_32bits File: C:/Users/david/Desktop/code/2022202092_Digital-Logic-Gate2/Assignment7/shifter8/gates.v Line: 159
    Info (12023): Found entity 20: _xor2_32bits File: C:/Users/david/Desktop/code/2022202092_Digital-Logic-Gate2/Assignment7/shifter8/gates.v Line: 167
    Info (12023): Found entity 21: _xnor2_32bits File: C:/Users/david/Desktop/code/2022202092_Digital-Logic-Gate2/Assignment7/shifter8/gates.v Line: 182
Info (12021): Found 1 design units, including 1 entities, in source file mx4.v
    Info (12023): Found entity 1: mx4 File: C:/Users/david/Desktop/code/2022202092_Digital-Logic-Gate2/Assignment7/shifter8/mx4.v Line: 1
Info (12021): Found 1 design units, including 1 entities, in source file tb_mx4.v
    Info (12023): Found entity 1: tb_mx4 File: C:/Users/david/Desktop/code/2022202092_Digital-Logic-Gate2/Assignment7/shifter8/tb_mx4.v Line: 3
Info (12021): Found 1 design units, including 1 entities, in source file lsl8.v
    Info (12023): Found entity 1: LSL8 File: C:/Users/david/Desktop/code/2022202092_Digital-Logic-Gate2/Assignment7/shifter8/LSL8.v Line: 1
Info (12021): Found 1 design units, including 1 entities, in source file tb_lsl8.v
    Info (12023): Found entity 1: tb_LSL8 File: C:/Users/david/Desktop/code/2022202092_Digital-Logic-Gate2/Assignment7/shifter8/tb_LSL8.v Line: 3
Info (12021): Found 1 design units, including 1 entities, in source file shifter8.v
    Info (12023): Found entity 1: shifter8 File: C:/Users/david/Desktop/code/2022202092_Digital-Logic-Gate2/Assignment7/shifter8/shifter8.v Line: 1
Info (12021): Found 1 design units, including 1 entities, in source file lsr8.v
    Info (12023): Found entity 1: LSR8 File: C:/Users/david/Desktop/code/2022202092_Digital-Logic-Gate2/Assignment7/shifter8/LSR8.v Line: 1
Info (12021): Found 1 design units, including 1 entities, in source file tb_lsr8.v
    Info (12023): Found entity 1: tb_LSR8 File: C:/Users/david/Desktop/code/2022202092_Digital-Logic-Gate2/Assignment7/shifter8/tb_LSR8.v Line: 3
Info (12021): Found 1 design units, including 1 entities, in source file asr8.v
    Info (12023): Found entity 1: ASR8 File: C:/Users/david/Desktop/code/2022202092_Digital-Logic-Gate2/Assignment7/shifter8/ASR8.v Line: 1
Info (12021): Found 1 design units, including 1 entities, in source file tb_asr8.v
    Info (12023): Found entity 1: tb_ASR8 File: C:/Users/david/Desktop/code/2022202092_Digital-Logic-Gate2/Assignment7/shifter8/tb_ASR8.v Line: 3
Info (12021): Found 1 design units, including 1 entities, in source file tb_dff_r.v
    Info (12023): Found entity 1: tb_dff_r File: C:/Users/david/Desktop/code/2022202092_Digital-Logic-Gate2/Assignment7/shifter8/tb_dff_r.v Line: 3
Info (12021): Found 1 design units, including 1 entities, in source file tb_register8_r.v
    Info (12023): Found entity 1: tb_register8_r File: C:/Users/david/Desktop/code/2022202092_Digital-Logic-Gate2/Assignment7/shifter8/tb_register8_r.v Line: 3
Info (12021): Found 1 design units, including 1 entities, in source file cc_logic.v
    Info (12023): Found entity 1: cc_logic File: C:/Users/david/Desktop/code/2022202092_Digital-Logic-Gate2/Assignment7/shifter8/cc_logic.v Line: 1
Info (12021): Found 1 design units, including 1 entities, in source file tb_cc_logic.v
    Info (12023): Found entity 1: tb_cc_logic File: C:/Users/david/Desktop/code/2022202092_Digital-Logic-Gate2/Assignment7/shifter8/tb_cc_logic.v Line: 3
Info (12021): Found 1 design units, including 1 entities, in source file tb_shifter8.v
    Info (12023): Found entity 1: tb_shifter8 File: C:/Users/david/Desktop/code/2022202092_Digital-Logic-Gate2/Assignment7/shifter8/tb_shifter8.v Line: 3
Warning (10236): Verilog HDL Implicit Net warning at mx4.v(6): created implicit net for "w_y0" File: C:/Users/david/Desktop/code/2022202092_Digital-Logic-Gate2/Assignment7/shifter8/mx4.v Line: 6
Warning (10236): Verilog HDL Implicit Net warning at mx4.v(7): created implicit net for "w_y1" File: C:/Users/david/Desktop/code/2022202092_Digital-Logic-Gate2/Assignment7/shifter8/mx4.v Line: 7
Info (12127): Elaborating entity "shifter8" for the top level hierarchy
Info (12128): Elaborating entity "_register8_r" for hierarchy "_register8_r:U0_register8_r" File: C:/Users/david/Desktop/code/2022202092_Digital-Logic-Gate2/Assignment7/shifter8/shifter8.v Line: 11
Info (12128): Elaborating entity "_dff_r" for hierarchy "_register8_r:U0_register8_r|_dff_r:U0_dff_r" File: C:/Users/david/Desktop/code/2022202092_Digital-Logic-Gate2/Assignment7/shifter8/_register8_r.v Line: 7
Info (12128): Elaborating entity "cc_logic" for hierarchy "cc_logic:U1_cc_logic" File: C:/Users/david/Desktop/code/2022202092_Digital-Logic-Gate2/Assignment7/shifter8/shifter8.v Line: 13
Warning (10270): Verilog HDL Case Statement warning at cc_logic.v(21): incomplete case statement has no default case item File: C:/Users/david/Desktop/code/2022202092_Digital-Logic-Gate2/Assignment7/shifter8/cc_logic.v Line: 21
Warning (10240): Verilog HDL Always Construct warning at cc_logic.v(19): inferring latch(es) for variable "d_next", which holds its previous value in one or more paths through the always construct File: C:/Users/david/Desktop/code/2022202092_Digital-Logic-Gate2/Assignment7/shifter8/cc_logic.v Line: 19
Info (10041): Inferred latch for "d_next[0]" at cc_logic.v(19) File: C:/Users/david/Desktop/code/2022202092_Digital-Logic-Gate2/Assignment7/shifter8/cc_logic.v Line: 19
Info (10041): Inferred latch for "d_next[1]" at cc_logic.v(19) File: C:/Users/david/Desktop/code/2022202092_Digital-Logic-Gate2/Assignment7/shifter8/cc_logic.v Line: 19
Info (10041): Inferred latch for "d_next[2]" at cc_logic.v(19) File: C:/Users/david/Desktop/code/2022202092_Digital-Logic-Gate2/Assignment7/shifter8/cc_logic.v Line: 19
Info (10041): Inferred latch for "d_next[3]" at cc_logic.v(19) File: C:/Users/david/Desktop/code/2022202092_Digital-Logic-Gate2/Assignment7/shifter8/cc_logic.v Line: 19
Info (10041): Inferred latch for "d_next[4]" at cc_logic.v(19) File: C:/Users/david/Desktop/code/2022202092_Digital-Logic-Gate2/Assignment7/shifter8/cc_logic.v Line: 19
Info (10041): Inferred latch for "d_next[5]" at cc_logic.v(19) File: C:/Users/david/Desktop/code/2022202092_Digital-Logic-Gate2/Assignment7/shifter8/cc_logic.v Line: 19
Info (10041): Inferred latch for "d_next[6]" at cc_logic.v(19) File: C:/Users/david/Desktop/code/2022202092_Digital-Logic-Gate2/Assignment7/shifter8/cc_logic.v Line: 19
Info (10041): Inferred latch for "d_next[7]" at cc_logic.v(19) File: C:/Users/david/Desktop/code/2022202092_Digital-Logic-Gate2/Assignment7/shifter8/cc_logic.v Line: 19
Info (12128): Elaborating entity "LSL8" for hierarchy "cc_logic:U1_cc_logic|LSL8:U0_LSL8" File: C:/Users/david/Desktop/code/2022202092_Digital-Logic-Gate2/Assignment7/shifter8/cc_logic.v Line: 30
Info (12128): Elaborating entity "mx4" for hierarchy "cc_logic:U1_cc_logic|LSL8:U0_LSL8|mx4:U0_mx4" File: C:/Users/david/Desktop/code/2022202092_Digital-Logic-Gate2/Assignment7/shifter8/LSL8.v Line: 7
Info (12128): Elaborating entity "mx2" for hierarchy "cc_logic:U1_cc_logic|LSL8:U0_LSL8|mx4:U0_mx4|mx2:U0_mx2" File: C:/Users/david/Desktop/code/2022202092_Digital-Logic-Gate2/Assignment7/shifter8/mx4.v Line: 6
Info (12128): Elaborating entity "_inv" for hierarchy "cc_logic:U1_cc_logic|LSL8:U0_LSL8|mx4:U0_mx4|mx2:U0_mx2|_inv:U0_inv" File: C:/Users/david/Desktop/code/2022202092_Digital-Logic-Gate2/Assignment7/shifter8/mx2.v Line: 9
Info (12128): Elaborating entity "_nand2" for hierarchy "cc_logic:U1_cc_logic|LSL8:U0_LSL8|mx4:U0_mx4|mx2:U0_mx2|_nand2:U1_nand2" File: C:/Users/david/Desktop/code/2022202092_Digital-Logic-Gate2/Assignment7/shifter8/mx2.v Line: 10
Info (12128): Elaborating entity "LSR8" for hierarchy "cc_logic:U1_cc_logic|LSR8:U1_LSR8" File: C:/Users/david/Desktop/code/2022202092_Digital-Logic-Gate2/Assignment7/shifter8/cc_logic.v Line: 31
Info (12128): Elaborating entity "ASR8" for hierarchy "cc_logic:U1_cc_logic|ASR8:U2_ASR8" File: C:/Users/david/Desktop/code/2022202092_Digital-Logic-Gate2/Assignment7/shifter8/cc_logic.v Line: 32
Warning (13012): Latch cc_logic:U1_cc_logic|d_next[0] has unsafe behavior File: C:/Users/david/Desktop/code/2022202092_Digital-Logic-Gate2/Assignment7/shifter8/cc_logic.v Line: 19
    Warning (13013): Ports D and ENA on the latch are fed by the same signal op[0] File: C:/Users/david/Desktop/code/2022202092_Digital-Logic-Gate2/Assignment7/shifter8/shifter8.v Line: 3
Warning (13012): Latch cc_logic:U1_cc_logic|d_next[1] has unsafe behavior File: C:/Users/david/Desktop/code/2022202092_Digital-Logic-Gate2/Assignment7/shifter8/cc_logic.v Line: 19
    Warning (13013): Ports D and ENA on the latch are fed by the same signal op[0] File: C:/Users/david/Desktop/code/2022202092_Digital-Logic-Gate2/Assignment7/shifter8/shifter8.v Line: 3
Warning (13012): Latch cc_logic:U1_cc_logic|d_next[2] has unsafe behavior File: C:/Users/david/Desktop/code/2022202092_Digital-Logic-Gate2/Assignment7/shifter8/cc_logic.v Line: 19
    Warning (13013): Ports D and ENA on the latch are fed by the same signal op[0] File: C:/Users/david/Desktop/code/2022202092_Digital-Logic-Gate2/Assignment7/shifter8/shifter8.v Line: 3
Warning (13012): Latch cc_logic:U1_cc_logic|d_next[3] has unsafe behavior File: C:/Users/david/Desktop/code/2022202092_Digital-Logic-Gate2/Assignment7/shifter8/cc_logic.v Line: 19
    Warning (13013): Ports D and ENA on the latch are fed by the same signal op[0] File: C:/Users/david/Desktop/code/2022202092_Digital-Logic-Gate2/Assignment7/shifter8/shifter8.v Line: 3
Warning (13012): Latch cc_logic:U1_cc_logic|d_next[4] has unsafe behavior File: C:/Users/david/Desktop/code/2022202092_Digital-Logic-Gate2/Assignment7/shifter8/cc_logic.v Line: 19
    Warning (13013): Ports D and ENA on the latch are fed by the same signal op[0] File: C:/Users/david/Desktop/code/2022202092_Digital-Logic-Gate2/Assignment7/shifter8/shifter8.v Line: 3
Warning (13012): Latch cc_logic:U1_cc_logic|d_next[5] has unsafe behavior File: C:/Users/david/Desktop/code/2022202092_Digital-Logic-Gate2/Assignment7/shifter8/cc_logic.v Line: 19
    Warning (13013): Ports D and ENA on the latch are fed by the same signal op[2] File: C:/Users/david/Desktop/code/2022202092_Digital-Logic-Gate2/Assignment7/shifter8/shifter8.v Line: 3
Warning (13012): Latch cc_logic:U1_cc_logic|d_next[6] has unsafe behavior File: C:/Users/david/Desktop/code/2022202092_Digital-Logic-Gate2/Assignment7/shifter8/cc_logic.v Line: 19
    Warning (13013): Ports D and ENA on the latch are fed by the same signal op[2] File: C:/Users/david/Desktop/code/2022202092_Digital-Logic-Gate2/Assignment7/shifter8/shifter8.v Line: 3
Warning (13012): Latch cc_logic:U1_cc_logic|d_next[7] has unsafe behavior File: C:/Users/david/Desktop/code/2022202092_Digital-Logic-Gate2/Assignment7/shifter8/cc_logic.v Line: 19
    Warning (13013): Ports D and ENA on the latch are fed by the same signal op[2] File: C:/Users/david/Desktop/code/2022202092_Digital-Logic-Gate2/Assignment7/shifter8/shifter8.v Line: 3
Info (286030): Timing-Driven Synthesis is running
Info (16010): Generating hard_block partition "hard_block:auto_generated_inst"
    Info (16011): Adding 0 node(s), including 0 DDIO, 0 PLL, 0 transceiver and 0 LCELL
Info (21057): Implemented 81 device resources after synthesis - the final resource count might be different
    Info (21058): Implemented 15 input pins
    Info (21059): Implemented 8 output pins
    Info (21061): Implemented 58 logic cells
Info: Quartus Prime Analysis & Synthesis was successful. 0 errors, 21 warnings
    Info: Peak virtual memory: 4828 megabytes
    Info: Processing ended: Tue Oct 17 18:04:01 2023
    Info: Elapsed time: 00:00:12
    Info: Total CPU time (on all processors): 00:00:08


