Analysis & Synthesis report for tl_cntr_w_left_struct
Thu Oct 19 19:48:00 2023
Quartus Prime Version 18.1.0 Build 625 09/12/2018 SJ Lite Edition


---------------------
; Table of Contents ;
---------------------
  1. Legal Notice
  2. Analysis & Synthesis Summary
  3. Analysis & Synthesis Settings
  4. Parallel Compilation
  5. Analysis & Synthesis Source Files Read
  6. Analysis & Synthesis Resource Usage Summary
  7. Analysis & Synthesis Resource Utilization by Entity
  8. User-Specified and Inferred Latches
  9. General Register Statistics
 10. Port Connectivity Checks: "_register3_r:U1_register|_dff_r_async:U0_dff_r_async|_dff:U1_dff|_dlatch:U1_dlatch"
 11. Port Connectivity Checks: "_register3_r:U1_register|_dff_r_async:U0_dff_r_async|_dff:U1_dff"
 12. Post-Synthesis Netlist Statistics for Top Partition
 13. Elapsed Time Per Partition
 14. Analysis & Synthesis Messages



----------------
; Legal Notice ;
----------------
Copyright (C) 2018  Intel Corporation. All rights reserved.
Your use of Intel Corporation's design tools, logic functions 
and other software and tools, and its AMPP partner logic 
functions, and any output files from any of the foregoing 
(including device programming or simulation files), and any 
associated documentation or information are expressly subject 
to the terms and conditions of the Intel Program License 
Subscription Agreement, the Intel Quartus Prime License Agreement,
the Intel FPGA IP License Agreement, or other applicable license
agreement, including, without limitation, that your use is for
the sole purpose of programming logic devices manufactured by
Intel and sold by Intel or its authorized distributors.  Please
refer to the applicable agreement for further details.



+-------------------------------------------------------------------------------+
; Analysis & Synthesis Summary                                                  ;
+---------------------------------+---------------------------------------------+
; Analysis & Synthesis Status     ; Successful - Thu Oct 19 19:48:00 2023       ;
; Quartus Prime Version           ; 18.1.0 Build 625 09/12/2018 SJ Lite Edition ;
; Revision Name                   ; tl_cntr_w_left_struct                       ;
; Top-level Entity Name           ; tl_cntr_w_left_struct                       ;
; Family                          ; Cyclone V                                   ;
; Logic utilization (in ALMs)     ; N/A                                         ;
; Total registers                 ; 0                                           ;
; Total pins                      ; 10                                          ;
; Total virtual pins              ; 0                                           ;
; Total block memory bits         ; 0                                           ;
; Total DSP Blocks                ; 0                                           ;
; Total HSSI RX PCSs              ; 0                                           ;
; Total HSSI PMA RX Deserializers ; 0                                           ;
; Total HSSI TX PCSs              ; 0                                           ;
; Total HSSI PMA TX Serializers   ; 0                                           ;
; Total PLLs                      ; 0                                           ;
; Total DLLs                      ; 0                                           ;
+---------------------------------+---------------------------------------------+


+---------------------------------------------------------------------------------------------------------------------------------+
; Analysis & Synthesis Settings                                                                                                   ;
+---------------------------------------------------------------------------------+-----------------------+-----------------------+
; Option                                                                          ; Setting               ; Default Value         ;
+---------------------------------------------------------------------------------+-----------------------+-----------------------+
; Device                                                                          ; 5CSXFC6D6F31C6        ;                       ;
; Top-level entity name                                                           ; tl_cntr_w_left_struct ; tl_cntr_w_left_struct ;
; Family name                                                                     ; Cyclone V             ; Cyclone V             ;
; Use smart compilation                                                           ; Off                   ; Off                   ;
; Enable parallel Assembler and Timing Analyzer during compilation                ; On                    ; On                    ;
; Enable compact report table                                                     ; Off                   ; Off                   ;
; Restructure Multiplexers                                                        ; Auto                  ; Auto                  ;
; MLAB Add Timing Constraints For Mixed-Port Feed-Through Mode Setting Don't Care ; Off                   ; Off                   ;
; Create Debugging Nodes for IP Cores                                             ; Off                   ; Off                   ;
; Preserve fewer node names                                                       ; On                    ; On                    ;
; Intel FPGA IP Evaluation Mode                                                   ; Enable                ; Enable                ;
; Verilog Version                                                                 ; Verilog_2001          ; Verilog_2001          ;
; VHDL Version                                                                    ; VHDL_1993             ; VHDL_1993             ;
; State Machine Processing                                                        ; Auto                  ; Auto                  ;
; Safe State Machine                                                              ; Off                   ; Off                   ;
; Extract Verilog State Machines                                                  ; On                    ; On                    ;
; Extract VHDL State Machines                                                     ; On                    ; On                    ;
; Ignore Verilog initial constructs                                               ; Off                   ; Off                   ;
; Iteration limit for constant Verilog loops                                      ; 5000                  ; 5000                  ;
; Iteration limit for non-constant Verilog loops                                  ; 250                   ; 250                   ;
; Add Pass-Through Logic to Inferred RAMs                                         ; On                    ; On                    ;
; Infer RAMs from Raw Logic                                                       ; On                    ; On                    ;
; Parallel Synthesis                                                              ; On                    ; On                    ;
; DSP Block Balancing                                                             ; Auto                  ; Auto                  ;
; NOT Gate Push-Back                                                              ; On                    ; On                    ;
; Power-Up Don't Care                                                             ; On                    ; On                    ;
; Remove Redundant Logic Cells                                                    ; Off                   ; Off                   ;
; Remove Duplicate Registers                                                      ; On                    ; On                    ;
; Ignore CARRY Buffers                                                            ; Off                   ; Off                   ;
; Ignore CASCADE Buffers                                                          ; Off                   ; Off                   ;
; Ignore GLOBAL Buffers                                                           ; Off                   ; Off                   ;
; Ignore ROW GLOBAL Buffers                                                       ; Off                   ; Off                   ;
; Ignore LCELL Buffers                                                            ; Off                   ; Off                   ;
; Ignore SOFT Buffers                                                             ; On                    ; On                    ;
; Limit AHDL Integers to 32 Bits                                                  ; Off                   ; Off                   ;
; Optimization Technique                                                          ; Balanced              ; Balanced              ;
; Carry Chain Length                                                              ; 70                    ; 70                    ;
; Auto Carry Chains                                                               ; On                    ; On                    ;
; Auto Open-Drain Pins                                                            ; On                    ; On                    ;
; Perform WYSIWYG Primitive Resynthesis                                           ; Off                   ; Off                   ;
; Auto ROM Replacement                                                            ; On                    ; On                    ;
; Auto RAM Replacement                                                            ; On                    ; On                    ;
; Auto DSP Block Replacement                                                      ; On                    ; On                    ;
; Auto Shift Register Replacement                                                 ; Auto                  ; Auto                  ;
; Allow Shift Register Merging across Hierarchies                                 ; Auto                  ; Auto                  ;
; Auto Clock Enable Replacement                                                   ; On                    ; On                    ;
; Strict RAM Replacement                                                          ; Off                   ; Off                   ;
; Allow Synchronous Control Signals                                               ; On                    ; On                    ;
; Force Use of Synchronous Clear Signals                                          ; Off                   ; Off                   ;
; Auto Resource Sharing                                                           ; Off                   ; Off                   ;
; Allow Any RAM Size For Recognition                                              ; Off                   ; Off                   ;
; Allow Any ROM Size For Recognition                                              ; Off                   ; Off                   ;
; Allow Any Shift Register Size For Recognition                                   ; Off                   ; Off                   ;
; Use LogicLock Constraints during Resource Balancing                             ; On                    ; On                    ;
; Ignore translate_off and synthesis_off directives                               ; Off                   ; Off                   ;
; Timing-Driven Synthesis                                                         ; On                    ; On                    ;
; Report Parameter Settings                                                       ; On                    ; On                    ;
; Report Source Assignments                                                       ; On                    ; On                    ;
; Report Connectivity Checks                                                      ; On                    ; On                    ;
; Ignore Maximum Fan-Out Assignments                                              ; Off                   ; Off                   ;
; Synchronization Register Chain Length                                           ; 3                     ; 3                     ;
; Power Optimization During Synthesis                                             ; Normal compilation    ; Normal compilation    ;
; HDL message level                                                               ; Level2                ; Level2                ;
; Suppress Register Optimization Related Messages                                 ; Off                   ; Off                   ;
; Number of Removed Registers Reported in Synthesis Report                        ; 5000                  ; 5000                  ;
; Number of Swept Nodes Reported in Synthesis Report                              ; 5000                  ; 5000                  ;
; Number of Inverted Registers Reported in Synthesis Report                       ; 100                   ; 100                   ;
; Clock MUX Protection                                                            ; On                    ; On                    ;
; Auto Gated Clock Conversion                                                     ; Off                   ; Off                   ;
; Block Design Naming                                                             ; Auto                  ; Auto                  ;
; SDC constraint protection                                                       ; Off                   ; Off                   ;
; Synthesis Effort                                                                ; Auto                  ; Auto                  ;
; Shift Register Replacement - Allow Asynchronous Clear Signal                    ; On                    ; On                    ;
; Pre-Mapping Resynthesis Optimization                                            ; Off                   ; Off                   ;
; Analysis & Synthesis Message Level                                              ; Medium                ; Medium                ;
; Disable Register Merging Across Hierarchies                                     ; Auto                  ; Auto                  ;
; Resource Aware Inference For Block RAM                                          ; On                    ; On                    ;
; Automatic Parallel Synthesis                                                    ; On                    ; On                    ;
; Partial Reconfiguration Bitstream ID                                            ; Off                   ; Off                   ;
+---------------------------------------------------------------------------------+-----------------------+-----------------------+


+------------------------------------------+
; Parallel Compilation                     ;
+----------------------------+-------------+
; Processors                 ; Number      ;
+----------------------------+-------------+
; Number detected on machine ; 8           ;
; Maximum allowed            ; 4           ;
;                            ;             ;
; Average used               ; 1.00        ;
; Maximum used               ; 4           ;
;                            ;             ;
; Usage by Processor         ; % Time Used ;
;     Processor 1            ; 100.0%      ;
;     Processors 2-4         ;   0.0%      ;
+----------------------------+-------------+


+--------------------------------------------------------------------------------------------------------------------------------------------------------------------------------------------------------------+
; Analysis & Synthesis Source Files Read                                                                                                                                                                       ;
+----------------------------------+-----------------+------------------------+----------------------------------------------------------------------------------------------------------------------+---------+
; File Name with User-Entered Path ; Used in Netlist ; File Type              ; File Name with Absolute Path                                                                                         ; Library ;
+----------------------------------+-----------------+------------------------+----------------------------------------------------------------------------------------------------------------------+---------+
; _dlatch.v                        ; yes             ; User Verilog HDL File  ; C:/Users/david/Desktop/code/2022202092_Digital-Logic-Gate2/Assignment6/tl_cntr_w_left_struct/_dlatch.v               ;         ;
; _dff_r_async.v                   ; yes             ; User Verilog HDL File  ; C:/Users/david/Desktop/code/2022202092_Digital-Logic-Gate2/Assignment6/tl_cntr_w_left_struct/_dff_r_async.v          ;         ;
; _dff.v                           ; yes             ; User Verilog HDL File  ; C:/Users/david/Desktop/code/2022202092_Digital-Logic-Gate2/Assignment6/tl_cntr_w_left_struct/_dff.v                  ;         ;
; ns_logic.v                       ; yes             ; User Verilog HDL File  ; C:/Users/david/Desktop/code/2022202092_Digital-Logic-Gate2/Assignment6/tl_cntr_w_left_struct/ns_logic.v              ;         ;
; gates.v                          ; yes             ; User Verilog HDL File  ; C:/Users/david/Desktop/code/2022202092_Digital-Logic-Gate2/Assignment6/tl_cntr_w_left_struct/gates.v                 ;         ;
; tl_cntr_w_left_struct.v          ; yes             ; User Verilog HDL File  ; C:/Users/david/Desktop/code/2022202092_Digital-Logic-Gate2/Assignment6/tl_cntr_w_left_struct/tl_cntr_w_left_struct.v ;         ;
; o_logic.v                        ; yes             ; User Verilog HDL File  ; C:/Users/david/Desktop/code/2022202092_Digital-Logic-Gate2/Assignment6/tl_cntr_w_left_struct/o_logic.v               ;         ;
; _register3_r.v                   ; yes             ; User Verilog HDL File  ; C:/Users/david/Desktop/code/2022202092_Digital-Logic-Gate2/Assignment6/tl_cntr_w_left_struct/_register3_r.v          ;         ;
+----------------------------------+-----------------+------------------------+----------------------------------------------------------------------------------------------------------------------+---------+


+------------------------------------------------------------------------------------------------------------------------------------+
; Analysis & Synthesis Resource Usage Summary                                                                                        ;
+---------------------------------------------+--------------------------------------------------------------------------------------+
; Resource                                    ; Usage                                                                                ;
+---------------------------------------------+--------------------------------------------------------------------------------------+
; Estimate of Logic utilization (ALMs needed) ; 8                                                                                    ;
;                                             ;                                                                                      ;
; Combinational ALUT usage for logic          ; 14                                                                                   ;
;     -- 7 input functions                    ; 0                                                                                    ;
;     -- 6 input functions                    ; 1                                                                                    ;
;     -- 5 input functions                    ; 0                                                                                    ;
;     -- 4 input functions                    ; 1                                                                                    ;
;     -- <=3 input functions                  ; 12                                                                                   ;
;                                             ;                                                                                      ;
; Dedicated logic registers                   ; 0                                                                                    ;
;                                             ;                                                                                      ;
; I/O pins                                    ; 10                                                                                   ;
;                                             ;                                                                                      ;
; Total DSP Blocks                            ; 0                                                                                    ;
;                                             ;                                                                                      ;
; Maximum fan-out node                        ; _register3_r:U1_register|_dff_r_async:U0_dff_r_async|_dff:U1_dff|_dlatch:U2_dlatch|q ;
; Maximum fan-out                             ; 8                                                                                    ;
; Total fan-out                               ; 58                                                                                   ;
; Average fan-out                             ; 1.71                                                                                 ;
+---------------------------------------------+--------------------------------------------------------------------------------------+


+-------------------------------------------------------------------------------------------------------------------------------------------------------------------------------------------------------------------------------------------------------------------------------------------------+
; Analysis & Synthesis Resource Utilization by Entity                                                                                                                                                                                                                                             ;
+-------------------------------------+---------------------+---------------------------+-------------------+------------+------+--------------+-----------------------------------------------------------------------------------------------------------+-----------------------+--------------+
; Compilation Hierarchy Node          ; Combinational ALUTs ; Dedicated Logic Registers ; Block Memory Bits ; DSP Blocks ; Pins ; Virtual Pins ; Full Hierarchy Name                                                                                       ; Entity Name           ; Library Name ;
+-------------------------------------+---------------------+---------------------------+-------------------+------------+------+--------------+-----------------------------------------------------------------------------------------------------------+-----------------------+--------------+
; |tl_cntr_w_left_struct              ; 14 (0)              ; 0 (0)                     ; 0                 ; 0          ; 10   ; 0            ; |tl_cntr_w_left_struct                                                                                    ; tl_cntr_w_left_struct ; work         ;
;    |_register3_r:U1_register|       ; 10 (0)              ; 0 (0)                     ; 0                 ; 0          ; 0    ; 0            ; |tl_cntr_w_left_struct|_register3_r:U1_register                                                           ; _register3_r          ; work         ;
;       |_dff_r_async:U0_dff_r_async| ; 4 (0)               ; 0 (0)                     ; 0                 ; 0          ; 0    ; 0            ; |tl_cntr_w_left_struct|_register3_r:U1_register|_dff_r_async:U0_dff_r_async                               ; _dff_r_async          ; work         ;
;          |_and2:U0_and2|            ; 2 (2)               ; 0 (0)                     ; 0                 ; 0          ; 0    ; 0            ; |tl_cntr_w_left_struct|_register3_r:U1_register|_dff_r_async:U0_dff_r_async|_and2:U0_and2                 ; _and2                 ; work         ;
;          |_dff:U1_dff|              ; 2 (0)               ; 0 (0)                     ; 0                 ; 0          ; 0    ; 0            ; |tl_cntr_w_left_struct|_register3_r:U1_register|_dff_r_async:U0_dff_r_async|_dff:U1_dff                   ; _dff                  ; work         ;
;             |_dlatch:U1_dlatch|     ; 1 (1)               ; 0 (0)                     ; 0                 ; 0          ; 0    ; 0            ; |tl_cntr_w_left_struct|_register3_r:U1_register|_dff_r_async:U0_dff_r_async|_dff:U1_dff|_dlatch:U1_dlatch ; _dlatch               ; work         ;
;             |_dlatch:U2_dlatch|     ; 1 (1)               ; 0 (0)                     ; 0                 ; 0          ; 0    ; 0            ; |tl_cntr_w_left_struct|_register3_r:U1_register|_dff_r_async:U0_dff_r_async|_dff:U1_dff|_dlatch:U2_dlatch ; _dlatch               ; work         ;
;       |_dff_r_async:U1_dff_r_async| ; 3 (0)               ; 0 (0)                     ; 0                 ; 0          ; 0    ; 0            ; |tl_cntr_w_left_struct|_register3_r:U1_register|_dff_r_async:U1_dff_r_async                               ; _dff_r_async          ; work         ;
;          |_and2:U0_and2|            ; 1 (1)               ; 0 (0)                     ; 0                 ; 0          ; 0    ; 0            ; |tl_cntr_w_left_struct|_register3_r:U1_register|_dff_r_async:U1_dff_r_async|_and2:U0_and2                 ; _and2                 ; work         ;
;          |_dff:U1_dff|              ; 2 (0)               ; 0 (0)                     ; 0                 ; 0          ; 0    ; 0            ; |tl_cntr_w_left_struct|_register3_r:U1_register|_dff_r_async:U1_dff_r_async|_dff:U1_dff                   ; _dff                  ; work         ;
;             |_dlatch:U1_dlatch|     ; 1 (1)               ; 0 (0)                     ; 0                 ; 0          ; 0    ; 0            ; |tl_cntr_w_left_struct|_register3_r:U1_register|_dff_r_async:U1_dff_r_async|_dff:U1_dff|_dlatch:U1_dlatch ; _dlatch               ; work         ;
;             |_dlatch:U2_dlatch|     ; 1 (1)               ; 0 (0)                     ; 0                 ; 0          ; 0    ; 0            ; |tl_cntr_w_left_struct|_register3_r:U1_register|_dff_r_async:U1_dff_r_async|_dff:U1_dff|_dlatch:U2_dlatch ; _dlatch               ; work         ;
;       |_dff_r_async:U2_dff_r_async| ; 3 (0)               ; 0 (0)                     ; 0                 ; 0          ; 0    ; 0            ; |tl_cntr_w_left_struct|_register3_r:U1_register|_dff_r_async:U2_dff_r_async                               ; _dff_r_async          ; work         ;
;          |_and2:U0_and2|            ; 1 (1)               ; 0 (0)                     ; 0                 ; 0          ; 0    ; 0            ; |tl_cntr_w_left_struct|_register3_r:U1_register|_dff_r_async:U2_dff_r_async|_and2:U0_and2                 ; _and2                 ; work         ;
;          |_dff:U1_dff|              ; 2 (0)               ; 0 (0)                     ; 0                 ; 0          ; 0    ; 0            ; |tl_cntr_w_left_struct|_register3_r:U1_register|_dff_r_async:U2_dff_r_async|_dff:U1_dff                   ; _dff                  ; work         ;
;             |_dlatch:U1_dlatch|     ; 1 (1)               ; 0 (0)                     ; 0                 ; 0          ; 0    ; 0            ; |tl_cntr_w_left_struct|_register3_r:U1_register|_dff_r_async:U2_dff_r_async|_dff:U1_dff|_dlatch:U1_dlatch ; _dlatch               ; work         ;
;             |_dlatch:U2_dlatch|     ; 1 (1)               ; 0 (0)                     ; 0                 ; 0          ; 0    ; 0            ; |tl_cntr_w_left_struct|_register3_r:U1_register|_dff_r_async:U2_dff_r_async|_dff:U1_dff|_dlatch:U2_dlatch ; _dlatch               ; work         ;
;    |o_logic:U2_o_logic|             ; 4 (0)               ; 0 (0)                     ; 0                 ; 0          ; 0    ; 0            ; |tl_cntr_w_left_struct|o_logic:U2_o_logic                                                                 ; o_logic               ; work         ;
;       |_or2:U3_or2|                 ; 1 (1)               ; 0 (0)                     ; 0                 ; 0          ; 0    ; 0            ; |tl_cntr_w_left_struct|o_logic:U2_o_logic|_or2:U3_or2                                                     ; _or2                  ; work         ;
;       |_or2:U4_or2|                 ; 1 (1)               ; 0 (0)                     ; 0                 ; 0          ; 0    ; 0            ; |tl_cntr_w_left_struct|o_logic:U2_o_logic|_or2:U4_or2                                                     ; _or2                  ; work         ;
;       |_or2:U6_or2|                 ; 1 (1)               ; 0 (0)                     ; 0                 ; 0          ; 0    ; 0            ; |tl_cntr_w_left_struct|o_logic:U2_o_logic|_or2:U6_or2                                                     ; _or2                  ; work         ;
;       |_or2:U7_or2|                 ; 1 (1)               ; 0 (0)                     ; 0                 ; 0          ; 0    ; 0            ; |tl_cntr_w_left_struct|o_logic:U2_o_logic|_or2:U7_or2                                                     ; _or2                  ; work         ;
+-------------------------------------+---------------------+---------------------------+-------------------+------------+------+--------------+-----------------------------------------------------------------------------------------------------------+-----------------------+--------------+
Note: For table entries with two numbers listed, the numbers in parentheses indicate the number of resources of the given type used by the specific entity alone. The numbers listed outside of parentheses indicate the total resources of the given type used by the specific entity and all of its sub-entities in the hierarchy.


+-------------------------------------------------------------------------------------------------------------------------------------+
; User-Specified and Inferred Latches                                                                                                 ;
+--------------------------------------------------------------------------------------+---------------------+------------------------+
; Latch Name                                                                           ; Latch Enable Signal ; Free of Timing Hazards ;
+--------------------------------------------------------------------------------------+---------------------+------------------------+
; _register3_r:U1_register|_dff_r_async:U0_dff_r_async|_dff:U1_dff|_dlatch:U2_dlatch|q ; clk                 ; yes                    ;
; _register3_r:U1_register|_dff_r_async:U2_dff_r_async|_dff:U1_dff|_dlatch:U2_dlatch|q ; clk                 ; yes                    ;
; _register3_r:U1_register|_dff_r_async:U1_dff_r_async|_dff:U1_dff|_dlatch:U2_dlatch|q ; clk                 ; yes                    ;
; _register3_r:U1_register|_dff_r_async:U0_dff_r_async|_dff:U1_dff|_dlatch:U1_dlatch|q ; clk                 ; yes                    ;
; _register3_r:U1_register|_dff_r_async:U2_dff_r_async|_dff:U1_dff|_dlatch:U1_dlatch|q ; clk                 ; yes                    ;
; _register3_r:U1_register|_dff_r_async:U1_dff_r_async|_dff:U1_dff|_dlatch:U1_dlatch|q ; clk                 ; yes                    ;
; Number of user-specified and inferred latches = 6                                    ;                     ;                        ;
+--------------------------------------------------------------------------------------+---------------------+------------------------+
Note: All latches listed above may not be present at the end of synthesis due to various synthesis optimizations.


+------------------------------------------------------+
; General Register Statistics                          ;
+----------------------------------------------+-------+
; Statistic                                    ; Value ;
+----------------------------------------------+-------+
; Total registers                              ; 0     ;
; Number of registers using Synchronous Clear  ; 0     ;
; Number of registers using Synchronous Load   ; 0     ;
; Number of registers using Asynchronous Clear ; 0     ;
; Number of registers using Asynchronous Load  ; 0     ;
; Number of registers using Clock Enable       ; 0     ;
; Number of registers using Preset             ; 0     ;
+----------------------------------------------+-------+


+--------------------------------------------------------------------------------------------------------------------------------------+
; Port Connectivity Checks: "_register3_r:U1_register|_dff_r_async:U0_dff_r_async|_dff:U1_dff|_dlatch:U1_dlatch"                       ;
+-------+--------+----------+----------------------------------------------------------------------------------------------------------+
; Port  ; Type   ; Severity ; Details                                                                                                  ;
+-------+--------+----------+----------------------------------------------------------------------------------------------------------+
; q_bar ; Output ; Warning  ; Declared by entity but not connected by instance. Logic that only feeds a dangling port will be removed. ;
+-------+--------+----------+----------------------------------------------------------------------------------------------------------+


+--------------------------------------------------------------------------------------------------------------------------------------+
; Port Connectivity Checks: "_register3_r:U1_register|_dff_r_async:U0_dff_r_async|_dff:U1_dff"                                         ;
+-------+--------+----------+----------------------------------------------------------------------------------------------------------+
; Port  ; Type   ; Severity ; Details                                                                                                  ;
+-------+--------+----------+----------------------------------------------------------------------------------------------------------+
; q_bar ; Output ; Warning  ; Declared by entity but not connected by instance. Logic that only feeds a dangling port will be removed. ;
+-------+--------+----------+----------------------------------------------------------------------------------------------------------+


+-----------------------------------------------------+
; Post-Synthesis Netlist Statistics for Top Partition ;
+-----------------------+-----------------------------+
; Type                  ; Count                       ;
+-----------------------+-----------------------------+
; arriav_lcell_comb     ; 14                          ;
;     normal            ; 14                          ;
;         2 data inputs ; 2                           ;
;         3 data inputs ; 10                          ;
;         4 data inputs ; 1                           ;
;         6 data inputs ; 1                           ;
; boundary_port         ; 10                          ;
;                       ;                             ;
; Max LUT depth         ; 3.00                        ;
; Average LUT depth     ; 1.92                        ;
+-----------------------+-----------------------------+


+-------------------------------+
; Elapsed Time Per Partition    ;
+----------------+--------------+
; Partition Name ; Elapsed Time ;
+----------------+--------------+
; Top            ; 00:00:01     ;
+----------------+--------------+


+-------------------------------+
; Analysis & Synthesis Messages ;
+-------------------------------+
Info: *******************************************************************
Info: Running Quartus Prime Analysis & Synthesis
    Info: Version 18.1.0 Build 625 09/12/2018 SJ Lite Edition
    Info: Processing started: Thu Oct 19 19:47:38 2023
Info: Command: quartus_map --read_settings_files=on --write_settings_files=off tl_cntr_w_left_struct -c tl_cntr_w_left_struct
Warning (18236): Number of processors has not been specified which may cause overloading on shared machines.  Set the global assignment NUM_PARALLEL_PROCESSORS in your QSF to an appropriate value for best performance.
Info (20030): Parallel compilation is enabled and will use 4 of the 4 processors detected
Info (12021): Found 1 design units, including 1 entities, in source file _dlatch.v
    Info (12023): Found entity 1: _dlatch File: C:/Users/david/Desktop/code/2022202092_Digital-Logic-Gate2/Assignment6/tl_cntr_w_left_struct/_dlatch.v Line: 1
Info (12021): Found 1 design units, including 1 entities, in source file _dff_r_async.v
    Info (12023): Found entity 1: _dff_r_async File: C:/Users/david/Desktop/code/2022202092_Digital-Logic-Gate2/Assignment6/tl_cntr_w_left_struct/_dff_r_async.v Line: 1
Info (12021): Found 1 design units, including 1 entities, in source file _dff.v
    Info (12023): Found entity 1: _dff File: C:/Users/david/Desktop/code/2022202092_Digital-Logic-Gate2/Assignment6/tl_cntr_w_left_struct/_dff.v Line: 1
Info (12021): Found 1 design units, including 1 entities, in source file ns_logic.v
    Info (12023): Found entity 1: ns_logic File: C:/Users/david/Desktop/code/2022202092_Digital-Logic-Gate2/Assignment6/tl_cntr_w_left_struct/ns_logic.v Line: 1
Info (12021): Found 21 design units, including 21 entities, in source file gates.v
    Info (12023): Found entity 1: _inv File: C:/Users/david/Desktop/code/2022202092_Digital-Logic-Gate2/Assignment6/tl_cntr_w_left_struct/gates.v Line: 1
    Info (12023): Found entity 2: _nand2 File: C:/Users/david/Desktop/code/2022202092_Digital-Logic-Gate2/Assignment6/tl_cntr_w_left_struct/gates.v Line: 9
    Info (12023): Found entity 3: _and2 File: C:/Users/david/Desktop/code/2022202092_Digital-Logic-Gate2/Assignment6/tl_cntr_w_left_struct/gates.v Line: 17
    Info (12023): Found entity 4: _or2 File: C:/Users/david/Desktop/code/2022202092_Digital-Logic-Gate2/Assignment6/tl_cntr_w_left_struct/gates.v Line: 25
    Info (12023): Found entity 5: _xor2 File: C:/Users/david/Desktop/code/2022202092_Digital-Logic-Gate2/Assignment6/tl_cntr_w_left_struct/gates.v Line: 34
    Info (12023): Found entity 6: _and3 File: C:/Users/david/Desktop/code/2022202092_Digital-Logic-Gate2/Assignment6/tl_cntr_w_left_struct/gates.v Line: 49
    Info (12023): Found entity 7: _and4 File: C:/Users/david/Desktop/code/2022202092_Digital-Logic-Gate2/Assignment6/tl_cntr_w_left_struct/gates.v Line: 57
    Info (12023): Found entity 8: _and5 File: C:/Users/david/Desktop/code/2022202092_Digital-Logic-Gate2/Assignment6/tl_cntr_w_left_struct/gates.v Line: 65
    Info (12023): Found entity 9: _or3 File: C:/Users/david/Desktop/code/2022202092_Digital-Logic-Gate2/Assignment6/tl_cntr_w_left_struct/gates.v Line: 73
    Info (12023): Found entity 10: _or4 File: C:/Users/david/Desktop/code/2022202092_Digital-Logic-Gate2/Assignment6/tl_cntr_w_left_struct/gates.v Line: 81
    Info (12023): Found entity 11: _or5 File: C:/Users/david/Desktop/code/2022202092_Digital-Logic-Gate2/Assignment6/tl_cntr_w_left_struct/gates.v Line: 89
    Info (12023): Found entity 12: _inv_4bits File: C:/Users/david/Desktop/code/2022202092_Digital-Logic-Gate2/Assignment6/tl_cntr_w_left_struct/gates.v Line: 97
    Info (12023): Found entity 13: _and2_4bits File: C:/Users/david/Desktop/code/2022202092_Digital-Logic-Gate2/Assignment6/tl_cntr_w_left_struct/gates.v Line: 105
    Info (12023): Found entity 14: _or2_4bits File: C:/Users/david/Desktop/code/2022202092_Digital-Logic-Gate2/Assignment6/tl_cntr_w_left_struct/gates.v Line: 113
    Info (12023): Found entity 15: _xor2_4bits File: C:/Users/david/Desktop/code/2022202092_Digital-Logic-Gate2/Assignment6/tl_cntr_w_left_struct/gates.v Line: 121
    Info (12023): Found entity 16: _xnor2_4bits File: C:/Users/david/Desktop/code/2022202092_Digital-Logic-Gate2/Assignment6/tl_cntr_w_left_struct/gates.v Line: 132
    Info (12023): Found entity 17: _inv_32bits File: C:/Users/david/Desktop/code/2022202092_Digital-Logic-Gate2/Assignment6/tl_cntr_w_left_struct/gates.v Line: 143
    Info (12023): Found entity 18: _and2_32bits File: C:/Users/david/Desktop/code/2022202092_Digital-Logic-Gate2/Assignment6/tl_cntr_w_left_struct/gates.v Line: 151
    Info (12023): Found entity 19: _or2_32bits File: C:/Users/david/Desktop/code/2022202092_Digital-Logic-Gate2/Assignment6/tl_cntr_w_left_struct/gates.v Line: 159
    Info (12023): Found entity 20: _xor2_32bits File: C:/Users/david/Desktop/code/2022202092_Digital-Logic-Gate2/Assignment6/tl_cntr_w_left_struct/gates.v Line: 167
    Info (12023): Found entity 21: _xnor2_32bits File: C:/Users/david/Desktop/code/2022202092_Digital-Logic-Gate2/Assignment6/tl_cntr_w_left_struct/gates.v Line: 182
Info (12021): Found 1 design units, including 1 entities, in source file tl_cntr_w_left_struct.v
    Info (12023): Found entity 1: tl_cntr_w_left_struct File: C:/Users/david/Desktop/code/2022202092_Digital-Logic-Gate2/Assignment6/tl_cntr_w_left_struct/tl_cntr_w_left_struct.v Line: 1
Info (12021): Found 1 design units, including 1 entities, in source file o_logic.v
    Info (12023): Found entity 1: o_logic File: C:/Users/david/Desktop/code/2022202092_Digital-Logic-Gate2/Assignment6/tl_cntr_w_left_struct/o_logic.v Line: 1
Info (12021): Found 1 design units, including 1 entities, in source file _register3_r.v
    Info (12023): Found entity 1: _register3_r File: C:/Users/david/Desktop/code/2022202092_Digital-Logic-Gate2/Assignment6/tl_cntr_w_left_struct/_register3_r.v Line: 1
Info (12021): Found 1 design units, including 1 entities, in source file tb_tl_cntr_w_left_struct.v
    Info (12023): Found entity 1: tb_tl_cntr_w_left_struct File: C:/Users/david/Desktop/code/2022202092_Digital-Logic-Gate2/Assignment6/tl_cntr_w_left_struct/tb_tl_cntr_w_left_struct.v Line: 3
Info (12021): Found 1 design units, including 1 entities, in source file tb_ns_logic.v
    Info (12023): Found entity 1: tb_ns_logic File: C:/Users/david/Desktop/code/2022202092_Digital-Logic-Gate2/Assignment6/tl_cntr_w_left_struct/tb_ns_logic.v Line: 3
Info (12021): Found 1 design units, including 1 entities, in source file tb_o_logic.v
    Info (12023): Found entity 1: tb_o_logic File: C:/Users/david/Desktop/code/2022202092_Digital-Logic-Gate2/Assignment6/tl_cntr_w_left_struct/tb_o_logic.v Line: 3
Warning (10236): Verilog HDL Implicit Net warning at ns_logic.v(12): created implicit net for "n_Tal" File: C:/Users/david/Desktop/code/2022202092_Digital-Logic-Gate2/Assignment6/tl_cntr_w_left_struct/ns_logic.v Line: 12
Warning (10236): Verilog HDL Implicit Net warning at ns_logic.v(14): created implicit net for "n_Tbl" File: C:/Users/david/Desktop/code/2022202092_Digital-Logic-Gate2/Assignment6/tl_cntr_w_left_struct/ns_logic.v Line: 14
Warning (10236): Verilog HDL Implicit Net warning at ns_logic.v(17): created implicit net for "w0_d2" File: C:/Users/david/Desktop/code/2022202092_Digital-Logic-Gate2/Assignment6/tl_cntr_w_left_struct/ns_logic.v Line: 17
Warning (10236): Verilog HDL Implicit Net warning at ns_logic.v(18): created implicit net for "w1_d2" File: C:/Users/david/Desktop/code/2022202092_Digital-Logic-Gate2/Assignment6/tl_cntr_w_left_struct/ns_logic.v Line: 18
Warning (10236): Verilog HDL Implicit Net warning at ns_logic.v(19): created implicit net for "w2_d2" File: C:/Users/david/Desktop/code/2022202092_Digital-Logic-Gate2/Assignment6/tl_cntr_w_left_struct/ns_logic.v Line: 19
Warning (10236): Verilog HDL Implicit Net warning at ns_logic.v(26): created implicit net for "w0_d0" File: C:/Users/david/Desktop/code/2022202092_Digital-Logic-Gate2/Assignment6/tl_cntr_w_left_struct/ns_logic.v Line: 26
Warning (10236): Verilog HDL Implicit Net warning at ns_logic.v(27): created implicit net for "w1_d0" File: C:/Users/david/Desktop/code/2022202092_Digital-Logic-Gate2/Assignment6/tl_cntr_w_left_struct/ns_logic.v Line: 27
Warning (10236): Verilog HDL Implicit Net warning at ns_logic.v(28): created implicit net for "w2_d0" File: C:/Users/david/Desktop/code/2022202092_Digital-Logic-Gate2/Assignment6/tl_cntr_w_left_struct/ns_logic.v Line: 28
Warning (10236): Verilog HDL Implicit Net warning at ns_logic.v(29): created implicit net for "w3_d0" File: C:/Users/david/Desktop/code/2022202092_Digital-Logic-Gate2/Assignment6/tl_cntr_w_left_struct/ns_logic.v Line: 29
Warning (10236): Verilog HDL Implicit Net warning at o_logic.v(5): created implicit net for "n_Q2" File: C:/Users/david/Desktop/code/2022202092_Digital-Logic-Gate2/Assignment6/tl_cntr_w_left_struct/o_logic.v Line: 5
Warning (10236): Verilog HDL Implicit Net warning at o_logic.v(6): created implicit net for "n_Q0" File: C:/Users/david/Desktop/code/2022202092_Digital-Logic-Gate2/Assignment6/tl_cntr_w_left_struct/o_logic.v Line: 6
Warning (10236): Verilog HDL Implicit Net warning at o_logic.v(9): created implicit net for "w0_La1" File: C:/Users/david/Desktop/code/2022202092_Digital-Logic-Gate2/Assignment6/tl_cntr_w_left_struct/o_logic.v Line: 9
Warning (10236): Verilog HDL Implicit Net warning at o_logic.v(14): created implicit net for "w0_Lb1" File: C:/Users/david/Desktop/code/2022202092_Digital-Logic-Gate2/Assignment6/tl_cntr_w_left_struct/o_logic.v Line: 14
Info (12127): Elaborating entity "tl_cntr_w_left_struct" for the top level hierarchy
Info (12128): Elaborating entity "ns_logic" for hierarchy "ns_logic:U0_ns_logic" File: C:/Users/david/Desktop/code/2022202092_Digital-Logic-Gate2/Assignment6/tl_cntr_w_left_struct/tl_cntr_w_left_struct.v Line: 8
Info (12128): Elaborating entity "_inv" for hierarchy "ns_logic:U0_ns_logic|_inv:U0_inv" File: C:/Users/david/Desktop/code/2022202092_Digital-Logic-Gate2/Assignment6/tl_cntr_w_left_struct/ns_logic.v Line: 8
Info (12128): Elaborating entity "_and3" for hierarchy "ns_logic:U0_ns_logic|_and3:U7_and3" File: C:/Users/david/Desktop/code/2022202092_Digital-Logic-Gate2/Assignment6/tl_cntr_w_left_struct/ns_logic.v Line: 17
Info (12128): Elaborating entity "_and2" for hierarchy "ns_logic:U0_ns_logic|_and2:U8_and2" File: C:/Users/david/Desktop/code/2022202092_Digital-Logic-Gate2/Assignment6/tl_cntr_w_left_struct/ns_logic.v Line: 18
Info (12128): Elaborating entity "_or3" for hierarchy "ns_logic:U0_ns_logic|_or3:U10_or3" File: C:/Users/david/Desktop/code/2022202092_Digital-Logic-Gate2/Assignment6/tl_cntr_w_left_struct/ns_logic.v Line: 20
Info (12128): Elaborating entity "_xor2" for hierarchy "ns_logic:U0_ns_logic|_xor2:U11_xor2" File: C:/Users/david/Desktop/code/2022202092_Digital-Logic-Gate2/Assignment6/tl_cntr_w_left_struct/ns_logic.v Line: 23
Info (12128): Elaborating entity "_or2" for hierarchy "ns_logic:U0_ns_logic|_xor2:U11_xor2|_or2:U4_or2" File: C:/Users/david/Desktop/code/2022202092_Digital-Logic-Gate2/Assignment6/tl_cntr_w_left_struct/gates.v Line: 45
Info (12128): Elaborating entity "_and4" for hierarchy "ns_logic:U0_ns_logic|_and4:U12_and4" File: C:/Users/david/Desktop/code/2022202092_Digital-Logic-Gate2/Assignment6/tl_cntr_w_left_struct/ns_logic.v Line: 26
Info (12128): Elaborating entity "_or4" for hierarchy "ns_logic:U0_ns_logic|_or4:U16_or4" File: C:/Users/david/Desktop/code/2022202092_Digital-Logic-Gate2/Assignment6/tl_cntr_w_left_struct/ns_logic.v Line: 30
Info (12128): Elaborating entity "_register3_r" for hierarchy "_register3_r:U1_register" File: C:/Users/david/Desktop/code/2022202092_Digital-Logic-Gate2/Assignment6/tl_cntr_w_left_struct/tl_cntr_w_left_struct.v Line: 11
Info (12128): Elaborating entity "_dff_r_async" for hierarchy "_register3_r:U1_register|_dff_r_async:U0_dff_r_async" File: C:/Users/david/Desktop/code/2022202092_Digital-Logic-Gate2/Assignment6/tl_cntr_w_left_struct/_register3_r.v Line: 6
Info (12128): Elaborating entity "_dff" for hierarchy "_register3_r:U1_register|_dff_r_async:U0_dff_r_async|_dff:U1_dff" File: C:/Users/david/Desktop/code/2022202092_Digital-Logic-Gate2/Assignment6/tl_cntr_w_left_struct/_dff_r_async.v Line: 8
Info (12128): Elaborating entity "_dlatch" for hierarchy "_register3_r:U1_register|_dff_r_async:U0_dff_r_async|_dff:U1_dff|_dlatch:U1_dlatch" File: C:/Users/david/Desktop/code/2022202092_Digital-Logic-Gate2/Assignment6/tl_cntr_w_left_struct/_dff.v Line: 8
Warning (10240): Verilog HDL Always Construct warning at _dlatch.v(8): inferring latch(es) for variable "q", which holds its previous value in one or more paths through the always construct File: C:/Users/david/Desktop/code/2022202092_Digital-Logic-Gate2/Assignment6/tl_cntr_w_left_struct/_dlatch.v Line: 8
Info (10041): Inferred latch for "q" at _dlatch.v(8) File: C:/Users/david/Desktop/code/2022202092_Digital-Logic-Gate2/Assignment6/tl_cntr_w_left_struct/_dlatch.v Line: 8
Info (12128): Elaborating entity "o_logic" for hierarchy "o_logic:U2_o_logic" File: C:/Users/david/Desktop/code/2022202092_Digital-Logic-Gate2/Assignment6/tl_cntr_w_left_struct/tl_cntr_w_left_struct.v Line: 14
Warning (12241): 2 hierarchies have connectivity warnings - see the Connectivity Checks report folder
Info (286030): Timing-Driven Synthesis is running
Info (16010): Generating hard_block partition "hard_block:auto_generated_inst"
    Info (16011): Adding 0 node(s), including 0 DDIO, 0 PLL, 0 transceiver and 0 LCELL
Info (21057): Implemented 24 device resources after synthesis - the final resource count might be different
    Info (21058): Implemented 6 input pins
    Info (21059): Implemented 4 output pins
    Info (21061): Implemented 14 logic cells
Info: Quartus Prime Analysis & Synthesis was successful. 0 errors, 16 warnings
    Info: Peak virtual memory: 4830 megabytes
    Info: Processing ended: Thu Oct 19 19:48:00 2023
    Info: Elapsed time: 00:00:22
    Info: Total CPU time (on all processors): 00:00:10


