Analysis & Synthesis report for rca_clk
Tue Oct 03 02:15:27 2023
Quartus Prime Version 18.1.0 Build 625 09/12/2018 SJ Lite Edition


---------------------
; Table of Contents ;
---------------------
  1. Legal Notice
  2. Analysis & Synthesis Summary
  3. Analysis & Synthesis Settings
  4. Parallel Compilation
  5. Analysis & Synthesis Messages



----------------
; Legal Notice ;
----------------
Copyright (C) 2018  Intel Corporation. All rights reserved.
Your use of Intel Corporation's design tools, logic functions 
and other software and tools, and its AMPP partner logic 
functions, and any output files from any of the foregoing 
(including device programming or simulation files), and any 
associated documentation or information are expressly subject 
to the terms and conditions of the Intel Program License 
Subscription Agreement, the Intel Quartus Prime License Agreement,
the Intel FPGA IP License Agreement, or other applicable license
agreement, including, without limitation, that your use is for
the sole purpose of programming logic devices manufactured by
Intel and sold by Intel or its authorized distributors.  Please
refer to the applicable agreement for further details.



+---------------------------------------------------------------------------+
; Analysis & Synthesis Summary                                              ;
+-----------------------------+---------------------------------------------+
; Analysis & Synthesis Status ; Failed - Tue Oct 03 02:15:27 2023           ;
; Quartus Prime Version       ; 18.1.0 Build 625 09/12/2018 SJ Lite Edition ;
; Revision Name               ; rca_clk                                     ;
; Top-level Entity Name       ; rca_clk                                     ;
; Family                      ; Cyclone V                                   ;
; Logic utilization (in ALMs) ; N/A until Partition Merge                   ;
; Total registers             ; N/A until Partition Merge                   ;
; Total pins                  ; N/A until Partition Merge                   ;
; Total virtual pins          ; N/A until Partition Merge                   ;
; Total block memory bits     ; N/A until Partition Merge                   ;
; Total PLLs                  ; N/A until Partition Merge                   ;
; Total DLLs                  ; N/A until Partition Merge                   ;
+-----------------------------+---------------------------------------------+


+---------------------------------------------------------------------------------------------------------------------------+
; Analysis & Synthesis Settings                                                                                             ;
+---------------------------------------------------------------------------------+--------------------+--------------------+
; Option                                                                          ; Setting            ; Default Value      ;
+---------------------------------------------------------------------------------+--------------------+--------------------+
; Device                                                                          ; 5CGXFC7C7F23C8     ;                    ;
; Top-level entity name                                                           ; rca_clk            ; rca_clk            ;
; Family name                                                                     ; Cyclone V          ; Cyclone V          ;
; Use smart compilation                                                           ; Off                ; Off                ;
; Enable parallel Assembler and Timing Analyzer during compilation                ; On                 ; On                 ;
; Enable compact report table                                                     ; Off                ; Off                ;
; Restructure Multiplexers                                                        ; Auto               ; Auto               ;
; MLAB Add Timing Constraints For Mixed-Port Feed-Through Mode Setting Don't Care ; Off                ; Off                ;
; Create Debugging Nodes for IP Cores                                             ; Off                ; Off                ;
; Preserve fewer node names                                                       ; On                 ; On                 ;
; Intel FPGA IP Evaluation Mode                                                   ; Enable             ; Enable             ;
; Verilog Version                                                                 ; Verilog_2001       ; Verilog_2001       ;
; VHDL Version                                                                    ; VHDL_1993          ; VHDL_1993          ;
; State Machine Processing                                                        ; Auto               ; Auto               ;
; Safe State Machine                                                              ; Off                ; Off                ;
; Extract Verilog State Machines                                                  ; On                 ; On                 ;
; Extract VHDL State Machines                                                     ; On                 ; On                 ;
; Ignore Verilog initial constructs                                               ; Off                ; Off                ;
; Iteration limit for constant Verilog loops                                      ; 5000               ; 5000               ;
; Iteration limit for non-constant Verilog loops                                  ; 250                ; 250                ;
; Add Pass-Through Logic to Inferred RAMs                                         ; On                 ; On                 ;
; Infer RAMs from Raw Logic                                                       ; On                 ; On                 ;
; Parallel Synthesis                                                              ; On                 ; On                 ;
; DSP Block Balancing                                                             ; Auto               ; Auto               ;
; NOT Gate Push-Back                                                              ; On                 ; On                 ;
; Power-Up Don't Care                                                             ; On                 ; On                 ;
; Remove Redundant Logic Cells                                                    ; Off                ; Off                ;
; Remove Duplicate Registers                                                      ; On                 ; On                 ;
; Ignore CARRY Buffers                                                            ; Off                ; Off                ;
; Ignore CASCADE Buffers                                                          ; Off                ; Off                ;
; Ignore GLOBAL Buffers                                                           ; Off                ; Off                ;
; Ignore ROW GLOBAL Buffers                                                       ; Off                ; Off                ;
; Ignore LCELL Buffers                                                            ; Off                ; Off                ;
; Ignore SOFT Buffers                                                             ; On                 ; On                 ;
; Limit AHDL Integers to 32 Bits                                                  ; Off                ; Off                ;
; Optimization Technique                                                          ; Balanced           ; Balanced           ;
; Carry Chain Length                                                              ; 70                 ; 70                 ;
; Auto Carry Chains                                                               ; On                 ; On                 ;
; Auto Open-Drain Pins                                                            ; On                 ; On                 ;
; Perform WYSIWYG Primitive Resynthesis                                           ; Off                ; Off                ;
; Auto ROM Replacement                                                            ; On                 ; On                 ;
; Auto RAM Replacement                                                            ; On                 ; On                 ;
; Auto DSP Block Replacement                                                      ; On                 ; On                 ;
; Auto Shift Register Replacement                                                 ; Auto               ; Auto               ;
; Allow Shift Register Merging across Hierarchies                                 ; Auto               ; Auto               ;
; Auto Clock Enable Replacement                                                   ; On                 ; On                 ;
; Strict RAM Replacement                                                          ; Off                ; Off                ;
; Allow Synchronous Control Signals                                               ; On                 ; On                 ;
; Force Use of Synchronous Clear Signals                                          ; Off                ; Off                ;
; Auto Resource Sharing                                                           ; Off                ; Off                ;
; Allow Any RAM Size For Recognition                                              ; Off                ; Off                ;
; Allow Any ROM Size For Recognition                                              ; Off                ; Off                ;
; Allow Any Shift Register Size For Recognition                                   ; Off                ; Off                ;
; Use LogicLock Constraints during Resource Balancing                             ; On                 ; On                 ;
; Ignore translate_off and synthesis_off directives                               ; Off                ; Off                ;
; Timing-Driven Synthesis                                                         ; On                 ; On                 ;
; Report Parameter Settings                                                       ; On                 ; On                 ;
; Report Source Assignments                                                       ; On                 ; On                 ;
; Report Connectivity Checks                                                      ; On                 ; On                 ;
; Ignore Maximum Fan-Out Assignments                                              ; Off                ; Off                ;
; Synchronization Register Chain Length                                           ; 3                  ; 3                  ;
; Power Optimization During Synthesis                                             ; Normal compilation ; Normal compilation ;
; HDL message level                                                               ; Level2             ; Level2             ;
; Suppress Register Optimization Related Messages                                 ; Off                ; Off                ;
; Number of Removed Registers Reported in Synthesis Report                        ; 5000               ; 5000               ;
; Number of Swept Nodes Reported in Synthesis Report                              ; 5000               ; 5000               ;
; Number of Inverted Registers Reported in Synthesis Report                       ; 100                ; 100                ;
; Clock MUX Protection                                                            ; On                 ; On                 ;
; Auto Gated Clock Conversion                                                     ; Off                ; Off                ;
; Block Design Naming                                                             ; Auto               ; Auto               ;
; SDC constraint protection                                                       ; Off                ; Off                ;
; Synthesis Effort                                                                ; Auto               ; Auto               ;
; Shift Register Replacement - Allow Asynchronous Clear Signal                    ; On                 ; On                 ;
; Pre-Mapping Resynthesis Optimization                                            ; Off                ; Off                ;
; Analysis & Synthesis Message Level                                              ; Medium             ; Medium             ;
; Disable Register Merging Across Hierarchies                                     ; Auto               ; Auto               ;
; Resource Aware Inference For Block RAM                                          ; On                 ; On                 ;
; Automatic Parallel Synthesis                                                    ; On                 ; On                 ;
; Partial Reconfiguration Bitstream ID                                            ; Off                ; Off                ;
+---------------------------------------------------------------------------------+--------------------+--------------------+


+------------------------------------------+
; Parallel Compilation                     ;
+----------------------------+-------------+
; Processors                 ; Number      ;
+----------------------------+-------------+
; Number detected on machine ; 20          ;
; Maximum allowed            ; 12          ;
;                            ;             ;
; Average used               ; 1.00        ;
; Maximum used               ; 1           ;
;                            ;             ;
; Usage by Processor         ; % Time Used ;
;     Processor 1            ; 100.0%      ;
+----------------------------+-------------+


+-------------------------------+
; Analysis & Synthesis Messages ;
+-------------------------------+
Info: *******************************************************************
Info: Running Quartus Prime Analysis & Synthesis
    Info: Version 18.1.0 Build 625 09/12/2018 SJ Lite Edition
    Info: Processing started: Tue Oct 03 02:15:19 2023
Info: Command: quartus_map --read_settings_files=on --write_settings_files=off rca_clk -c rca_clk
Warning (18236): Number of processors has not been specified which may cause overloading on shared machines.  Set the global assignment NUM_PARALLEL_PROCESSORS in your QSF to an appropriate value for best performance.
Info (20030): Parallel compilation is enabled and will use 12 of the 12 processors detected
Warning (12125): Using design file rca_clk.v, which is not specified as a design file for the current project, but contains definitions for 1 design units and 1 entities in project
    Info (12023): Found entity 1: rca_clk File: C:/Users/david/Desktop/codes/2022202092_Digital-Logic-Gate2/Assignment3/rca_clk/rca_clk.v Line: 1
Info (12127): Elaborating entity "rca_clk" for the top level hierarchy
Warning (12125): Using design file rca32.v, which is not specified as a design file for the current project, but contains definitions for 1 design units and 1 entities in project
    Info (12023): Found entity 1: rca32 File: C:/Users/david/Desktop/codes/2022202092_Digital-Logic-Gate2/Assignment3/rca_clk/rca32.v Line: 1
Info (12128): Elaborating entity "rca32" for hierarchy "rca32:U0_rca32" File: C:/Users/david/Desktop/codes/2022202092_Digital-Logic-Gate2/Assignment3/rca_clk/rca_clk.v Line: 27
Warning (12125): Using design file rca4.v, which is not specified as a design file for the current project, but contains definitions for 1 design units and 1 entities in project
    Info (12023): Found entity 1: rca4 File: C:/Users/david/Desktop/codes/2022202092_Digital-Logic-Gate2/Assignment3/rca_clk/rca4.v Line: 1
Info (12128): Elaborating entity "rca4" for hierarchy "rca32:U0_rca32|rca4:U0_rca4" File: C:/Users/david/Desktop/codes/2022202092_Digital-Logic-Gate2/Assignment3/rca_clk/rca32.v Line: 9
Warning (12125): Using design file fa.v, which is not specified as a design file for the current project, but contains definitions for 1 design units and 1 entities in project
    Info (12023): Found entity 1: fa File: C:/Users/david/Desktop/codes/2022202092_Digital-Logic-Gate2/Assignment3/rca_clk/fa.v Line: 1
Info (12128): Elaborating entity "fa" for hierarchy "rca32:U0_rca32|rca4:U0_rca4|fa:U0_fa" File: C:/Users/david/Desktop/codes/2022202092_Digital-Logic-Gate2/Assignment3/rca_clk/rca4.v Line: 9
Warning (12125): Using design file ha.v, which is not specified as a design file for the current project, but contains definitions for 1 design units and 1 entities in project
    Info (12023): Found entity 1: ha File: C:/Users/david/Desktop/codes/2022202092_Digital-Logic-Gate2/Assignment3/rca_clk/ha.v Line: 1
Info (12128): Elaborating entity "ha" for hierarchy "rca32:U0_rca32|rca4:U0_rca4|fa:U0_fa|ha:U0_ha" File: C:/Users/david/Desktop/codes/2022202092_Digital-Logic-Gate2/Assignment3/rca_clk/fa.v Line: 7
Error (12006): Node instance "U2_or2" instantiates undefined entity "_or2". Ensure that required library paths are specified correctly, define the specified entity, or change the instantiation. If this entity represents Intel FPGA or third-party IP, generate the synthesis files for the IP. File: C:/Users/david/Desktop/codes/2022202092_Digital-Logic-Gate2/Assignment3/rca_clk/fa.v Line: 9
Error (12006): Node instance "U2_or2" instantiates undefined entity "_or2". Ensure that required library paths are specified correctly, define the specified entity, or change the instantiation. If this entity represents Intel FPGA or third-party IP, generate the synthesis files for the IP. File: C:/Users/david/Desktop/codes/2022202092_Digital-Logic-Gate2/Assignment3/rca_clk/fa.v Line: 9
Error (12006): Node instance "U2_or2" instantiates undefined entity "_or2". Ensure that required library paths are specified correctly, define the specified entity, or change the instantiation. If this entity represents Intel FPGA or third-party IP, generate the synthesis files for the IP. File: C:/Users/david/Desktop/codes/2022202092_Digital-Logic-Gate2/Assignment3/rca_clk/fa.v Line: 9
Error (12006): Node instance "U2_or2" instantiates undefined entity "_or2". Ensure that required library paths are specified correctly, define the specified entity, or change the instantiation. If this entity represents Intel FPGA or third-party IP, generate the synthesis files for the IP. File: C:/Users/david/Desktop/codes/2022202092_Digital-Logic-Gate2/Assignment3/rca_clk/fa.v Line: 9
Error (12006): Node instance "U2_or2" instantiates undefined entity "_or2". Ensure that required library paths are specified correctly, define the specified entity, or change the instantiation. If this entity represents Intel FPGA or third-party IP, generate the synthesis files for the IP. File: C:/Users/david/Desktop/codes/2022202092_Digital-Logic-Gate2/Assignment3/rca_clk/fa.v Line: 9
Error (12006): Node instance "U2_or2" instantiates undefined entity "_or2". Ensure that required library paths are specified correctly, define the specified entity, or change the instantiation. If this entity represents Intel FPGA or third-party IP, generate the synthesis files for the IP. File: C:/Users/david/Desktop/codes/2022202092_Digital-Logic-Gate2/Assignment3/rca_clk/fa.v Line: 9
Error (12006): Node instance "U2_or2" instantiates undefined entity "_or2". Ensure that required library paths are specified correctly, define the specified entity, or change the instantiation. If this entity represents Intel FPGA or third-party IP, generate the synthesis files for the IP. File: C:/Users/david/Desktop/codes/2022202092_Digital-Logic-Gate2/Assignment3/rca_clk/fa.v Line: 9
Error (12006): Node instance "U2_or2" instantiates undefined entity "_or2". Ensure that required library paths are specified correctly, define the specified entity, or change the instantiation. If this entity represents Intel FPGA or third-party IP, generate the synthesis files for the IP. File: C:/Users/david/Desktop/codes/2022202092_Digital-Logic-Gate2/Assignment3/rca_clk/fa.v Line: 9
Error (12006): Node instance "U2_or2" instantiates undefined entity "_or2". Ensure that required library paths are specified correctly, define the specified entity, or change the instantiation. If this entity represents Intel FPGA or third-party IP, generate the synthesis files for the IP. File: C:/Users/david/Desktop/codes/2022202092_Digital-Logic-Gate2/Assignment3/rca_clk/fa.v Line: 9
Error (12006): Node instance "U2_or2" instantiates undefined entity "_or2". Ensure that required library paths are specified correctly, define the specified entity, or change the instantiation. If this entity represents Intel FPGA or third-party IP, generate the synthesis files for the IP. File: C:/Users/david/Desktop/codes/2022202092_Digital-Logic-Gate2/Assignment3/rca_clk/fa.v Line: 9
Error (12006): Node instance "U2_or2" instantiates undefined entity "_or2". Ensure that required library paths are specified correctly, define the specified entity, or change the instantiation. If this entity represents Intel FPGA or third-party IP, generate the synthesis files for the IP. File: C:/Users/david/Desktop/codes/2022202092_Digital-Logic-Gate2/Assignment3/rca_clk/fa.v Line: 9
Error (12006): Node instance "U2_or2" instantiates undefined entity "_or2". Ensure that required library paths are specified correctly, define the specified entity, or change the instantiation. If this entity represents Intel FPGA or third-party IP, generate the synthesis files for the IP. File: C:/Users/david/Desktop/codes/2022202092_Digital-Logic-Gate2/Assignment3/rca_clk/fa.v Line: 9
Error (12006): Node instance "U2_or2" instantiates undefined entity "_or2". Ensure that required library paths are specified correctly, define the specified entity, or change the instantiation. If this entity represents Intel FPGA or third-party IP, generate the synthesis files for the IP. File: C:/Users/david/Desktop/codes/2022202092_Digital-Logic-Gate2/Assignment3/rca_clk/fa.v Line: 9
Error (12006): Node instance "U2_or2" instantiates undefined entity "_or2". Ensure that required library paths are specified correctly, define the specified entity, or change the instantiation. If this entity represents Intel FPGA or third-party IP, generate the synthesis files for the IP. File: C:/Users/david/Desktop/codes/2022202092_Digital-Logic-Gate2/Assignment3/rca_clk/fa.v Line: 9
Error (12006): Node instance "U2_or2" instantiates undefined entity "_or2". Ensure that required library paths are specified correctly, define the specified entity, or change the instantiation. If this entity represents Intel FPGA or third-party IP, generate the synthesis files for the IP. File: C:/Users/david/Desktop/codes/2022202092_Digital-Logic-Gate2/Assignment3/rca_clk/fa.v Line: 9
Error (12006): Node instance "U2_or2" instantiates undefined entity "_or2". Ensure that required library paths are specified correctly, define the specified entity, or change the instantiation. If this entity represents Intel FPGA or third-party IP, generate the synthesis files for the IP. File: C:/Users/david/Desktop/codes/2022202092_Digital-Logic-Gate2/Assignment3/rca_clk/fa.v Line: 9
Error (12006): Node instance "U2_or2" instantiates undefined entity "_or2". Ensure that required library paths are specified correctly, define the specified entity, or change the instantiation. If this entity represents Intel FPGA or third-party IP, generate the synthesis files for the IP. File: C:/Users/david/Desktop/codes/2022202092_Digital-Logic-Gate2/Assignment3/rca_clk/fa.v Line: 9
Error (12006): Node instance "U2_or2" instantiates undefined entity "_or2". Ensure that required library paths are specified correctly, define the specified entity, or change the instantiation. If this entity represents Intel FPGA or third-party IP, generate the synthesis files for the IP. File: C:/Users/david/Desktop/codes/2022202092_Digital-Logic-Gate2/Assignment3/rca_clk/fa.v Line: 9
Error (12006): Node instance "U2_or2" instantiates undefined entity "_or2". Ensure that required library paths are specified correctly, define the specified entity, or change the instantiation. If this entity represents Intel FPGA or third-party IP, generate the synthesis files for the IP. File: C:/Users/david/Desktop/codes/2022202092_Digital-Logic-Gate2/Assignment3/rca_clk/fa.v Line: 9
Error (12006): Node instance "U2_or2" instantiates undefined entity "_or2". Ensure that required library paths are specified correctly, define the specified entity, or change the instantiation. If this entity represents Intel FPGA or third-party IP, generate the synthesis files for the IP. File: C:/Users/david/Desktop/codes/2022202092_Digital-Logic-Gate2/Assignment3/rca_clk/fa.v Line: 9
Error (12006): Node instance "U2_or2" instantiates undefined entity "_or2". Ensure that required library paths are specified correctly, define the specified entity, or change the instantiation. If this entity represents Intel FPGA or third-party IP, generate the synthesis files for the IP. File: C:/Users/david/Desktop/codes/2022202092_Digital-Logic-Gate2/Assignment3/rca_clk/fa.v Line: 9
Error (12006): Node instance "U2_or2" instantiates undefined entity "_or2". Ensure that required library paths are specified correctly, define the specified entity, or change the instantiation. If this entity represents Intel FPGA or third-party IP, generate the synthesis files for the IP. File: C:/Users/david/Desktop/codes/2022202092_Digital-Logic-Gate2/Assignment3/rca_clk/fa.v Line: 9
Error (12006): Node instance "U2_or2" instantiates undefined entity "_or2". Ensure that required library paths are specified correctly, define the specified entity, or change the instantiation. If this entity represents Intel FPGA or third-party IP, generate the synthesis files for the IP. File: C:/Users/david/Desktop/codes/2022202092_Digital-Logic-Gate2/Assignment3/rca_clk/fa.v Line: 9
Error (12006): Node instance "U2_or2" instantiates undefined entity "_or2". Ensure that required library paths are specified correctly, define the specified entity, or change the instantiation. If this entity represents Intel FPGA or third-party IP, generate the synthesis files for the IP. File: C:/Users/david/Desktop/codes/2022202092_Digital-Logic-Gate2/Assignment3/rca_clk/fa.v Line: 9
Error (12006): Node instance "U2_or2" instantiates undefined entity "_or2". Ensure that required library paths are specified correctly, define the specified entity, or change the instantiation. If this entity represents Intel FPGA or third-party IP, generate the synthesis files for the IP. File: C:/Users/david/Desktop/codes/2022202092_Digital-Logic-Gate2/Assignment3/rca_clk/fa.v Line: 9
Error (12006): Node instance "U2_or2" instantiates undefined entity "_or2". Ensure that required library paths are specified correctly, define the specified entity, or change the instantiation. If this entity represents Intel FPGA or third-party IP, generate the synthesis files for the IP. File: C:/Users/david/Desktop/codes/2022202092_Digital-Logic-Gate2/Assignment3/rca_clk/fa.v Line: 9
Error (12006): Node instance "U2_or2" instantiates undefined entity "_or2". Ensure that required library paths are specified correctly, define the specified entity, or change the instantiation. If this entity represents Intel FPGA or third-party IP, generate the synthesis files for the IP. File: C:/Users/david/Desktop/codes/2022202092_Digital-Logic-Gate2/Assignment3/rca_clk/fa.v Line: 9
Error (12006): Node instance "U2_or2" instantiates undefined entity "_or2". Ensure that required library paths are specified correctly, define the specified entity, or change the instantiation. If this entity represents Intel FPGA or third-party IP, generate the synthesis files for the IP. File: C:/Users/david/Desktop/codes/2022202092_Digital-Logic-Gate2/Assignment3/rca_clk/fa.v Line: 9
Error (12006): Node instance "U2_or2" instantiates undefined entity "_or2". Ensure that required library paths are specified correctly, define the specified entity, or change the instantiation. If this entity represents Intel FPGA or third-party IP, generate the synthesis files for the IP. File: C:/Users/david/Desktop/codes/2022202092_Digital-Logic-Gate2/Assignment3/rca_clk/fa.v Line: 9
Error (12006): Node instance "U2_or2" instantiates undefined entity "_or2". Ensure that required library paths are specified correctly, define the specified entity, or change the instantiation. If this entity represents Intel FPGA or third-party IP, generate the synthesis files for the IP. File: C:/Users/david/Desktop/codes/2022202092_Digital-Logic-Gate2/Assignment3/rca_clk/fa.v Line: 9
Error (12006): Node instance "U2_or2" instantiates undefined entity "_or2". Ensure that required library paths are specified correctly, define the specified entity, or change the instantiation. If this entity represents Intel FPGA or third-party IP, generate the synthesis files for the IP. File: C:/Users/david/Desktop/codes/2022202092_Digital-Logic-Gate2/Assignment3/rca_clk/fa.v Line: 9
Error (12006): Node instance "U2_or2" instantiates undefined entity "_or2". Ensure that required library paths are specified correctly, define the specified entity, or change the instantiation. If this entity represents Intel FPGA or third-party IP, generate the synthesis files for the IP. File: C:/Users/david/Desktop/codes/2022202092_Digital-Logic-Gate2/Assignment3/rca_clk/fa.v Line: 9
Error: Quartus Prime Analysis & Synthesis was unsuccessful. 32 errors, 6 warnings
    Error: Peak virtual memory: 4771 megabytes
    Error: Processing ended: Tue Oct 03 02:15:27 2023
    Error: Elapsed time: 00:00:08
    Error: Total CPU time (on all processors): 00:00:15


